
3/13/2016, 12:12:50 AM

Operating System
  Name                        = Mac OS X
  Version                     = 10.11.3
  Architecture                = 64bit
  # CPUs                      = 8
  Memory                      = 17179869184

Node.js
  Node.js Version             = 0.12.7
  npm Version                 = 2.11.3

Titanium CLI
  CLI Version                 = 5.0.6

Titanium SDK
  SDK Version                 = 5.2.0.GA
  SDK Path                    = /Users/sequestermckinney/Library/Application Support/Titanium/mobilesdk/osx/5.2.0.GA
  Target Platform             = android

Command
  /usr/local/bin/node /Users/sequestermckinney/.appcelerator/install/5.2.0/package/node_modules/titanium/lib/titanium.js build run --platform android --log-level trace --sdk 5.2.0.GA --project-dir /Users/sequestermckinney/Desktop/Class-Repos/AVF/weatherappweek2 --target emulator --android-sdk /Users/sequestermckinney/Library/android-sdk-macosx --device-id Google Nexus 10 - 4.2.2 - API 17 - 2560x1600 --skip-js-minify --no-colors --no-progress-bars --no-prompt --prompt-type socket-bundle --prompt-port 49654 --config-file /var/folders/zc/l695h7fx1q11pz4v2tgdbvxr0000gn/T/build-1457845967006.json --no-banner --project-dir /Users/sequestermckinney/Desktop/Class-Repos/AVF/weatherappweek2

[DEBUG]  Detecting modules in /Users/sequestermckinney/Library/Application Support/Titanium/modules
[DEBUG]  Detected android module: com.appcelerator.apm 1.1.1 @ /Users/sequestermckinney/Library/Application Support/Titanium/modules/android/com.appcelerator.apm/1.1.1
[DEBUG]  Detected android module: com.appcelerator.apm 1.1.5 @ /Users/sequestermckinney/Library/Application Support/Titanium/modules/android/com.appcelerator.apm/1.1.5
[DEBUG]  Detected android module: facebook 3.0.3 @ /Users/sequestermckinney/Library/Application Support/Titanium/modules/android/facebook/3.0.3
[DEBUG]  Detected android module: facebook 4.0.3 @ /Users/sequestermckinney/Library/Application Support/Titanium/modules/android/facebook/4.0.3
[DEBUG]  Detected android module: facebook 4.0.5 @ /Users/sequestermckinney/Library/Application Support/Titanium/modules/android/facebook/4.0.5
[DEBUG]  Detected android module: facebook 5.0.0 @ /Users/sequestermckinney/Library/Application Support/Titanium/modules/android/facebook/5.0.0
[DEBUG]  Detected android module: ti.cloudpush 3.3.7 @ /Users/sequestermckinney/Library/Application Support/Titanium/modules/android/ti.cloudpush/3.3.7
[DEBUG]  Detected android module: ti.cloudpush 3.3.8 @ /Users/sequestermckinney/Library/Application Support/Titanium/modules/android/ti.cloudpush/3.3.8
[DEBUG]  Detected android module: ti.cloudpush 3.4.0 @ /Users/sequestermckinney/Library/Application Support/Titanium/modules/android/ti.cloudpush/3.4.0
[DEBUG]  Detected android module: ti.cloudpush 3.4.1 @ /Users/sequestermckinney/Library/Application Support/Titanium/modules/android/ti.cloudpush/3.4.1
[DEBUG]  Detected android module: ti.map 2.2.3 @ /Users/sequestermckinney/Library/Application Support/Titanium/modules/android/ti.map/2.2.3
[DEBUG]  Detected android module: ti.map 2.3.0 @ /Users/sequestermckinney/Library/Application Support/Titanium/modules/android/ti.map/2.3.0
[DEBUG]  Detected android module: ti.map 2.3.3 @ /Users/sequestermckinney/Library/Application Support/Titanium/modules/android/ti.map/2.3.3
[DEBUG]  Detected android module: ti.map 2.3.4 @ /Users/sequestermckinney/Library/Application Support/Titanium/modules/android/ti.map/2.3.4
[DEBUG]  Detected android module: ti.map 2.3.6 @ /Users/sequestermckinney/Library/Application Support/Titanium/modules/android/ti.map/2.3.6
[DEBUG]  Detected commonjs module: ti.cloud 3.2.10 @ /Users/sequestermckinney/Library/Application Support/Titanium/modules/commonjs/ti.cloud/3.2.10
[DEBUG]  Detected commonjs module: ti.cloud 3.2.7 @ /Users/sequestermckinney/Library/Application Support/Titanium/modules/commonjs/ti.cloud/3.2.7
[DEBUG]  Detected commonjs module: ti.cloud 3.2.8 @ /Users/sequestermckinney/Library/Application Support/Titanium/modules/commonjs/ti.cloud/3.2.8
[DEBUG]  Detected commonjs module: ti.cloud 3.2.9 @ /Users/sequestermckinney/Library/Application Support/Titanium/modules/commonjs/ti.cloud/3.2.9
[DEBUG]  Detected iphone module: com.appcelerator.apm 1.1.1 @ /Users/sequestermckinney/Library/Application Support/Titanium/modules/iphone/com.appcelerator.apm/1.1.1
[DEBUG]  Detected iphone module: com.appcelerator.apm 1.1.5 @ /Users/sequestermckinney/Library/Application Support/Titanium/modules/iphone/com.appcelerator.apm/1.1.5
[DEBUG]  Detected iphone module: com.appcelerator.urlSession 1.1.0 @ /Users/sequestermckinney/Library/Application Support/Titanium/modules/iphone/com.appcelerator.urlSession/1.1.0
[DEBUG]  Detected iphone module: com.appcelerator.urlSession 1.1.1 @ /Users/sequestermckinney/Library/Application Support/Titanium/modules/iphone/com.appcelerator.urlSession/1.1.1
[DEBUG]  Detected iphone module: com.appcelerator.urlSession 2.0.0 @ /Users/sequestermckinney/Library/Application Support/Titanium/modules/iphone/com.appcelerator.urlSession/2.0.0
[DEBUG]  Detected iphone module: facebook 3.2.0 @ /Users/sequestermckinney/Library/Application Support/Titanium/modules/iphone/facebook/3.2.0
[DEBUG]  Detected iphone module: facebook 4.0.3 @ /Users/sequestermckinney/Library/Application Support/Titanium/modules/iphone/facebook/4.0.3
[DEBUG]  Detected iphone module: facebook 4.0.5 @ /Users/sequestermckinney/Library/Application Support/Titanium/modules/iphone/facebook/4.0.5
[DEBUG]  Detected iphone module: facebook 5.0.1 @ /Users/sequestermckinney/Library/Application Support/Titanium/modules/iphone/facebook/5.0.1
[DEBUG]  Detected iphone module: ti.coremotion 1.1.0 @ /Users/sequestermckinney/Library/Application Support/Titanium/modules/iphone/ti.coremotion/1.1.0
[DEBUG]  Detected iphone module: ti.coremotion 2.0.0 @ /Users/sequestermckinney/Library/Application Support/Titanium/modules/iphone/ti.coremotion/2.0.0
[DEBUG]  Detected iphone module: ti.map 2.2.0 @ /Users/sequestermckinney/Library/Application Support/Titanium/modules/iphone/ti.map/2.2.0
[DEBUG]  Detected iphone module: ti.map 2.2.2 @ /Users/sequestermckinney/Library/Application Support/Titanium/modules/iphone/ti.map/2.2.2
[DEBUG]  Detected iphone module: ti.map 2.4.1 @ /Users/sequestermckinney/Library/Application Support/Titanium/modules/iphone/ti.map/2.4.1
[DEBUG]  Detected iphone module: ti.map 2.5.2 @ /Users/sequestermckinney/Library/Application Support/Titanium/modules/iphone/ti.map/2.5.2
[DEBUG]  Detected iphone module: ti.safaridialog 1.0.2 @ /Users/sequestermckinney/Library/Application Support/Titanium/modules/iphone/ti.safaridialog/1.0.2
[DEBUG]  Detected iphone module: ti.safaridialog 1.0.3 @ /Users/sequestermckinney/Library/Application Support/Titanium/modules/iphone/ti.safaridialog/1.0.3
[DEBUG]  Detected iphone module: ti.safaridialog 1.0.5 @ /Users/sequestermckinney/Library/Application Support/Titanium/modules/iphone/ti.safaridialog/1.0.5
[DEBUG]  Detected iphone module: ti.touchid 1.1.0 @ /Users/sequestermckinney/Library/Application Support/Titanium/modules/iphone/ti.touchid/1.1.0
[DEBUG]  Detected iphone module: ti.touchid 1.2.0 @ /Users/sequestermckinney/Library/Application Support/Titanium/modules/iphone/ti.touchid/1.2.0
[DEBUG]  Looking for Titanium module id=ti.cloud version=latest platform=commonjs deploy-type=development
[INFO]   Found Titanium module id=ti.cloud version=3.2.9 platform=commonjs deploy-type=development path=/Users/sequestermckinney/Library/Application Support/Titanium/modules/commonjs/ti.cloud/3.2.9
[INFO]   Found better matching module id=ti.cloud version=latest platform=commonjs deploy-type=development path=/Users/sequestermckinney/Library/Application Support/Titanium/modules/commonjs/ti.cloud/3.2.10
[DEBUG]  No project level plugins to load
[TRACE]  Snapshotting build directory
[DEBUG]  Titanium SDK Android directory: /Users/sequestermckinney/Library/Application Support/Titanium/mobilesdk/osx/5.2.0.GA/android
[INFO]   Deploy type: development
[INFO]   Building for target: emulator
[INFO]   Building for emulator: Google Nexus 10 - 4.2.2 - API 17 - 2560x1600
[INFO]   Targeting Android SDK API: 23
[INFO]   Building for the following architectures: armeabi, armeabi-v7a, x86
[INFO]   Signing with keystore: /Users/sequestermckinney/Library/Application Support/Titanium/mobilesdk/osx/5.2.0.GA/android/dev_keystore (tidev)
[DEBUG]  App ID: com.studios.weatherappweek2
[DEBUG]  Classname: Weatherappweek2
[INFO]   Debugging disabled
[INFO]   Profiler disabled
[INFO]   Forcing rebuild: JavaScript encryption flag changed
[INFO]     Was: true
[INFO]     Now: false
[INFO]   Launching emulator: Google Nexus 10 - 4.2.2 - API 17 - 2560x1600
[TRACE]  Starting emulator: Google Nexus 10 - 4.2.2 - API 17 - 2560x1600
[TRACE]  Checking if emulator Google Nexus 10 - 4.2.2 - API 17 - 2560x1600 is running...
[TRACE]  Detecting if Google Nexus 10 - 4.2.2 - API 17 - 2560x1600 exists...
[TRACE]  Found 4 emulators
[TRACE]  Emulator exists, detecting all running emulators and connected devices...
[TRACE]  Detected 0 running emulators and connected devices
[TRACE]  Emulator not running, detecting running emulators
[TRACE]  Found 4 emulators
[TRACE]  Starting the emulator...
[INFO]   Running: /Applications/Genymotion.app/Contents/MacOS/player.app/Contents/MacOS/player --vm-name "Google Nexus 10 - 4.2.2 - API 17 - 2560x1600"
[TRACE]  Emulator is starting, monitoring boot state...
[TRACE]  Checking the boot state for the next 240000 ms
[TRACE]  Waiting for emulator to register with ADB
[TRACE]  Emulator process started
[TRACE]  offline build file /var/folders/zc/l695h7fx1q11pz4v2tgdbvxr0000gn/T/build-8ebe6b64035692296a088b657e5af915cb9a7cff.json
[TRACE]  No devices found, continuing to wait
[TRACE]  online 1
[TRACE]  optimizing build, last build was 20540.058 sec ago
[DEBUG]  Copying /Users/sequestermckinney/Desktop/Class-Repos/AVF/weatherappweek2/Resources
[WARN]   Overwriting file /Users/sequestermckinney/Desktop/Class-Repos/AVF/weatherappweek2/build/android/bin/assets/Resources/KS_nav_ui.png
[DEBUG]  Symlinking /Users/sequestermckinney/Desktop/Class-Repos/AVF/weatherappweek2/Resources/KS_nav_ui.png => /Users/sequestermckinney/Desktop/Class-Repos/AVF/weatherappweek2/build/android/bin/assets/Resources/KS_nav_ui.png
[WARN]   Overwriting file /Users/sequestermckinney/Desktop/Class-Repos/AVF/weatherappweek2/build/android/bin/assets/Resources/KS_nav_views.png
[DEBUG]  Symlinking /Users/sequestermckinney/Desktop/Class-Repos/AVF/weatherappweek2/Resources/KS_nav_views.png => /Users/sequestermckinney/Desktop/Class-Repos/AVF/weatherappweek2/build/android/bin/assets/Resources/KS_nav_views.png
[DEBUG]  Ignoring /Users/sequestermckinney/Desktop/Class-Repos/AVF/weatherappweek2/Resources/android
[DEBUG]  Ignoring /Users/sequestermckinney/Desktop/Class-Repos/AVF/weatherappweek2/Resources/iphone
[DEBUG]  Ignoring /Users/sequestermckinney/Desktop/Class-Repos/AVF/weatherappweek2/Resources/mobileweb
[DEBUG]  Copying /Users/sequestermckinney/Desktop/Class-Repos/AVF/weatherappweek2/Resources/android
[WARN]   Overwriting file /Users/sequestermckinney/Desktop/Class-Repos/AVF/weatherappweek2/build/android/bin/assets/Resources/appicon.png
[DEBUG]  Symlinking /Users/sequestermckinney/Desktop/Class-Repos/AVF/weatherappweek2/Resources/android/appicon.png => /Users/sequestermckinney/Desktop/Class-Repos/AVF/weatherappweek2/build/android/bin/assets/Resources/appicon.png
[DEBUG]  Symlinking /Users/sequestermckinney/Desktop/Class-Repos/AVF/weatherappweek2/Resources/android/default.png => /Users/sequestermckinney/Desktop/Class-Repos/AVF/weatherappweek2/build/android/res/drawable/background.png
[DEBUG]  Symlinking /Users/sequestermckinney/Desktop/Class-Repos/AVF/weatherappweek2/Resources/android/images/res-long-land-hdpi/default.png => /Users/sequestermckinney/Desktop/Class-Repos/AVF/weatherappweek2/build/android/res/drawable-long-land-hdpi/background.png
[DEBUG]  Symlinking /Users/sequestermckinney/Desktop/Class-Repos/AVF/weatherappweek2/Resources/android/images/res-long-land-ldpi/default.png => /Users/sequestermckinney/Desktop/Class-Repos/AVF/weatherappweek2/build/android/res/drawable-long-land-ldpi/background.png
[DEBUG]  Symlinking /Users/sequestermckinney/Desktop/Class-Repos/AVF/weatherappweek2/Resources/android/images/res-long-port-hdpi/default.png => /Users/sequestermckinney/Desktop/Class-Repos/AVF/weatherappweek2/build/android/res/drawable-long-port-hdpi/background.png
[DEBUG]  Symlinking /Users/sequestermckinney/Desktop/Class-Repos/AVF/weatherappweek2/Resources/android/images/res-long-port-ldpi/default.png => /Users/sequestermckinney/Desktop/Class-Repos/AVF/weatherappweek2/build/android/res/drawable-long-port-ldpi/background.png
[DEBUG]  Symlinking /Users/sequestermckinney/Desktop/Class-Repos/AVF/weatherappweek2/Resources/android/images/res-notlong-land-hdpi/default.png => /Users/sequestermckinney/Desktop/Class-Repos/AVF/weatherappweek2/build/android/res/drawable-notlong-land-hdpi/background.png
[DEBUG]  Symlinking /Users/sequestermckinney/Desktop/Class-Repos/AVF/weatherappweek2/Resources/android/images/res-notlong-land-ldpi/default.png => /Users/sequestermckinney/Desktop/Class-Repos/AVF/weatherappweek2/build/android/res/drawable-notlong-land-ldpi/background.png
[DEBUG]  Symlinking /Users/sequestermckinney/Desktop/Class-Repos/AVF/weatherappweek2/Resources/android/images/res-notlong-land-mdpi/default.png => /Users/sequestermckinney/Desktop/Class-Repos/AVF/weatherappweek2/build/android/res/drawable-notlong-land-mdpi/background.png
[DEBUG]  Symlinking /Users/sequestermckinney/Desktop/Class-Repos/AVF/weatherappweek2/Resources/android/images/res-notlong-port-hdpi/default.png => /Users/sequestermckinney/Desktop/Class-Repos/AVF/weatherappweek2/build/android/res/drawable-notlong-port-hdpi/background.png
[DEBUG]  Symlinking /Users/sequestermckinney/Desktop/Class-Repos/AVF/weatherappweek2/Resources/android/images/res-notlong-port-ldpi/default.png => /Users/sequestermckinney/Desktop/Class-Repos/AVF/weatherappweek2/build/android/res/drawable-notlong-port-ldpi/background.png
[DEBUG]  Symlinking /Users/sequestermckinney/Desktop/Class-Repos/AVF/weatherappweek2/Resources/android/images/res-notlong-port-mdpi/default.png => /Users/sequestermckinney/Desktop/Class-Repos/AVF/weatherappweek2/build/android/res/drawable-notlong-port-mdpi/background.png
[DEBUG]  Copying /Users/sequestermckinney/Library/Application Support/Titanium/modules/commonjs/ti.cloud/3.2.10/ti.cloud.js
[DEBUG]  Copying /Users/sequestermckinney/Library/Application Support/Titanium/modules/commonjs/ti.cloud/3.2.10/assets
[DEBUG]  Symlinking /Users/sequestermckinney/Desktop/Class-Repos/AVF/weatherappweek2/build/android/bin/assets/Resources/appicon.png => /Users/sequestermckinney/Desktop/Class-Repos/AVF/weatherappweek2/build/android/res/drawable/appicon.png
[INFO]   Processing JavaScript files
[DEBUG]  Symlinking /Users/sequestermckinney/Desktop/Class-Repos/AVF/weatherappweek2/Resources/api.js => /Users/sequestermckinney/Desktop/Class-Repos/AVF/weatherappweek2/build/android/assets/api.js
[DEBUG]  Symlinking /Users/sequestermckinney/Desktop/Class-Repos/AVF/weatherappweek2/Resources/app.js => /Users/sequestermckinney/Desktop/Class-Repos/AVF/weatherappweek2/build/android/assets/app.js
[DEBUG]  Symlinking /Users/sequestermckinney/Desktop/Class-Repos/AVF/weatherappweek2/Resources/db.js => /Users/sequestermckinney/Desktop/Class-Repos/AVF/weatherappweek2/build/android/assets/db.js
[DEBUG]  Symlinking /Users/sequestermckinney/Desktop/Class-Repos/AVF/weatherappweek2/Resources/geo.js => /Users/sequestermckinney/Desktop/Class-Repos/AVF/weatherappweek2/build/android/assets/geo.js
[DEBUG]  Symlinking /Users/sequestermckinney/Desktop/Class-Repos/AVF/weatherappweek2/Resources/ui.js => /Users/sequestermckinney/Desktop/Class-Repos/AVF/weatherappweek2/build/android/assets/ui.js
[DEBUG]  Symlinking /Users/sequestermckinney/Library/Application Support/Titanium/modules/commonjs/ti.cloud/3.2.10/ti.cloud.js => /Users/sequestermckinney/Desktop/Class-Repos/AVF/weatherappweek2/build/android/assets/ti.cloud.js
[INFO]   Encrypting JavaScript files: /Users/sequestermckinney/Library/Application Support/Titanium/mobilesdk/osx/5.2.0.GA/android/titanium_prep.macos "com.studios.weatherappweek2" "/Users/sequestermckinney/Desktop/Class-Repos/AVF/weatherappweek2/build/android/assets" "api.js" "app.js" "db.js" "geo.js" "ui.js" "ti.cloud.js" "_app_props_.json"
[DEBUG]  Adding library /Users/sequestermckinney/Library/Application Support/Titanium/mobilesdk/osx/5.2.0.GA/android/kroll-v8.jar
[DEBUG]  Adding library /Users/sequestermckinney/Library/Application Support/Titanium/mobilesdk/osx/5.2.0.GA/android/modules/titanium-analytics.jar
[DEBUG]  Adding dependency library /Users/sequestermckinney/Library/Application Support/Titanium/mobilesdk/osx/5.2.0.GA/android/aps-analytics.jar
[DEBUG]  Adding library /Users/sequestermckinney/Library/Application Support/Titanium/mobilesdk/osx/5.2.0.GA/android/modules/titanium-android.jar
[DEBUG]  Adding dependency library /Users/sequestermckinney/Library/Application Support/Titanium/mobilesdk/osx/5.2.0.GA/android/jaxen-1.1.1.jar
[DEBUG]  Adding dependency library /Users/sequestermckinney/Library/Application Support/Titanium/mobilesdk/osx/5.2.0.GA/android/ti-commons-codec-1.3.jar
[DEBUG]  Adding dependency library /Users/sequestermckinney/Library/Application Support/Titanium/mobilesdk/osx/5.2.0.GA/android/kroll-common.jar
[DEBUG]  Adding dependency library /Users/sequestermckinney/Library/Application Support/Titanium/mobilesdk/osx/5.2.0.GA/android/titanium.jar
[DEBUG]  Adding library /Users/sequestermckinney/Library/Application Support/Titanium/mobilesdk/osx/5.2.0.GA/android/modules/titanium-app.jar
[DEBUG]  Adding library /Users/sequestermckinney/Library/Application Support/Titanium/mobilesdk/osx/5.2.0.GA/android/modules/titanium-ui.jar
[DEBUG]  Adding dependency library /Users/sequestermckinney/Library/Application Support/Titanium/mobilesdk/osx/5.2.0.GA/android/nineoldandroids-appc-2.4.0.jar
[DEBUG]  Adding library /Users/sequestermckinney/Library/Application Support/Titanium/mobilesdk/osx/5.2.0.GA/android/modules/titanium-filesystem.jar
[DEBUG]  Adding library /Users/sequestermckinney/Library/Application Support/Titanium/mobilesdk/osx/5.2.0.GA/android/modules/titanium-media.jar
[DEBUG]  Adding library /Users/sequestermckinney/Library/Application Support/Titanium/mobilesdk/osx/5.2.0.GA/android/modules/titanium-appcompat.jar
[DEBUG]  Adding dependency library /Users/sequestermckinney/Library/Application Support/Titanium/mobilesdk/osx/5.2.0.GA/android/android-support-v4.jar
[DEBUG]  Adding dependency library /Users/sequestermckinney/Library/Application Support/Titanium/mobilesdk/osx/5.2.0.GA/android/android-support-v7-appcompat.jar
[DEBUG]  Adding library /Users/sequestermckinney/Library/Application Support/Titanium/mobilesdk/osx/5.2.0.GA/android/modules/titanium-cardview.jar
[DEBUG]  Adding dependency library /Users/sequestermckinney/Library/Application Support/Titanium/mobilesdk/osx/5.2.0.GA/android/cardview-v7-23.0.1.jar
[DEBUG]  Adding library /Users/sequestermckinney/Library/Application Support/Titanium/mobilesdk/osx/5.2.0.GA/android/modules/titanium-locale.jar
[DEBUG]  Adding library /Users/sequestermckinney/Library/Application Support/Titanium/mobilesdk/osx/5.2.0.GA/android/modules/titanium-network.jar
[DEBUG]  Adding library /Users/sequestermckinney/Library/Application Support/Titanium/mobilesdk/osx/5.2.0.GA/android/modules/titanium-xml.jar
[DEBUG]  Adding library /Users/sequestermckinney/Library/Application Support/Titanium/mobilesdk/osx/5.2.0.GA/android/modules/titanium-utils.jar
[DEBUG]  Adding library /Users/sequestermckinney/Library/Application Support/Titanium/mobilesdk/osx/5.2.0.GA/android/modules/titanium-geolocation.jar
[DEBUG]  Adding library /Users/sequestermckinney/Library/Application Support/Titanium/mobilesdk/osx/5.2.0.GA/android/modules/titanium-accelerometer.jar
[DEBUG]  Adding library /Users/sequestermckinney/Library/Application Support/Titanium/mobilesdk/osx/5.2.0.GA/android/modules/titanium-contacts.jar
[DEBUG]  Adding library /Users/sequestermckinney/Library/Application Support/Titanium/mobilesdk/osx/5.2.0.GA/android/modules/titanium-map.jar
[DEBUG]  Adding library /Users/sequestermckinney/Library/Application Support/Titanium/mobilesdk/osx/5.2.0.GA/android/modules/titanium-gesture.jar
[DEBUG]  Adding library /Users/sequestermckinney/Library/Application Support/Titanium/mobilesdk/osx/5.2.0.GA/android/modules/titanium-calendar.jar
[DEBUG]  Adding library /Users/sequestermckinney/Library/Application Support/Titanium/mobilesdk/osx/5.2.0.GA/android/modules/titanium-platform.jar
[DEBUG]  Adding library /Users/sequestermckinney/Library/Application Support/Titanium/mobilesdk/osx/5.2.0.GA/android/modules/titanium-database.jar
[DEBUG]  Unknown namespace api, skipping
[DEBUG]  Unknown namespace app.deploytype, skipping
[DEBUG]  Unknown namespace ui.ios, skipping
[INFO]   Writing /Users/sequestermckinney/Desktop/Class-Repos/AVF/weatherappweek2/build/android/bin/assets/app.json
[INFO]   Extracting module resources: /Users/sequestermckinney/Library/Application Support/Titanium/mobilesdk/osx/5.2.0.GA/android/modules/titanium-analytics.res.zip
[DEBUG]  Copying /var/folders/zc/l695h7fx1q11pz4v2tgdbvxr0000gn/T/116213-59100-16lr7ht/res/values/strings.xml => /Users/sequestermckinney/Desktop/Class-Repos/AVF/weatherappweek2/build/android/res/values/strings.xml
[INFO]   Extracting module resources: /Users/sequestermckinney/Library/Application Support/Titanium/mobilesdk/osx/5.2.0.GA/android/modules/titanium-android.res.zip
[DEBUG]  Merging /var/folders/zc/l695h7fx1q11pz4v2tgdbvxr0000gn/T/116213-59100-8kv1kz/res/values/strings.xml => /Users/sequestermckinney/Desktop/Class-Repos/AVF/weatherappweek2/build/android/res/values/strings.xml
[INFO]   Extracting module resources: /Users/sequestermckinney/Library/Application Support/Titanium/mobilesdk/osx/5.2.0.GA/android/modules/titanium-app.res.zip
[DEBUG]  Merging /var/folders/zc/l695h7fx1q11pz4v2tgdbvxr0000gn/T/116213-59100-44f1p4/res/values/strings.xml => /Users/sequestermckinney/Desktop/Class-Repos/AVF/weatherappweek2/build/android/res/values/strings.xml
[INFO]   Extracting module resources: /Users/sequestermckinney/Library/Application Support/Titanium/mobilesdk/osx/5.2.0.GA/android/modules/titanium-filesystem.res.zip
[DEBUG]  Merging /var/folders/zc/l695h7fx1q11pz4v2tgdbvxr0000gn/T/116213-59100-sgvfsx/res/values/strings.xml => /Users/sequestermckinney/Desktop/Class-Repos/AVF/weatherappweek2/build/android/res/values/strings.xml
[INFO]   Extracting module resources: /Users/sequestermckinney/Library/Application Support/Titanium/mobilesdk/osx/5.2.0.GA/android/modules/titanium-media.res.zip
[DEBUG]  Merging /var/folders/zc/l695h7fx1q11pz4v2tgdbvxr0000gn/T/116213-59100-16v77qd/res/values/strings.xml => /Users/sequestermckinney/Desktop/Class-Repos/AVF/weatherappweek2/build/android/res/values/strings.xml
[INFO]   Extracting module resources: /Users/sequestermckinney/Library/Application Support/Titanium/mobilesdk/osx/5.2.0.GA/android/modules/titanium-locale.res.zip
[DEBUG]  Merging /var/folders/zc/l695h7fx1q11pz4v2tgdbvxr0000gn/T/116213-59100-169rbu1/res/values/strings.xml => /Users/sequestermckinney/Desktop/Class-Repos/AVF/weatherappweek2/build/android/res/values/strings.xml
[INFO]   Extracting module resources: /Users/sequestermckinney/Library/Application Support/Titanium/mobilesdk/osx/5.2.0.GA/android/modules/titanium-network.res.zip
[DEBUG]  Merging /var/folders/zc/l695h7fx1q11pz4v2tgdbvxr0000gn/T/116213-59100-150b1de/res/values/strings.xml => /Users/sequestermckinney/Desktop/Class-Repos/AVF/weatherappweek2/build/android/res/values/strings.xml
[INFO]   Extracting module resources: /Users/sequestermckinney/Library/Application Support/Titanium/mobilesdk/osx/5.2.0.GA/android/modules/titanium-xml.res.zip
[DEBUG]  Merging /var/folders/zc/l695h7fx1q11pz4v2tgdbvxr0000gn/T/116213-59100-1gxls5n/res/values/strings.xml => /Users/sequestermckinney/Desktop/Class-Repos/AVF/weatherappweek2/build/android/res/values/strings.xml
[INFO]   Extracting module resources: /Users/sequestermckinney/Library/Application Support/Titanium/mobilesdk/osx/5.2.0.GA/android/modules/titanium-utils.res.zip
[DEBUG]  Merging /var/folders/zc/l695h7fx1q11pz4v2tgdbvxr0000gn/T/116213-59100-plasaj/res/values/strings.xml => /Users/sequestermckinney/Desktop/Class-Repos/AVF/weatherappweek2/build/android/res/values/strings.xml
[INFO]   Extracting module resources: /Users/sequestermckinney/Library/Application Support/Titanium/mobilesdk/osx/5.2.0.GA/android/modules/titanium-geolocation.res.zip
[DEBUG]  Merging /var/folders/zc/l695h7fx1q11pz4v2tgdbvxr0000gn/T/116213-59100-10rzvh4/res/values/strings.xml => /Users/sequestermckinney/Desktop/Class-Repos/AVF/weatherappweek2/build/android/res/values/strings.xml
[INFO]   Extracting module resources: /Users/sequestermckinney/Library/Application Support/Titanium/mobilesdk/osx/5.2.0.GA/android/modules/titanium-accelerometer.res.zip
[DEBUG]  Merging /var/folders/zc/l695h7fx1q11pz4v2tgdbvxr0000gn/T/116213-59100-ar7bfb/res/values/strings.xml => /Users/sequestermckinney/Desktop/Class-Repos/AVF/weatherappweek2/build/android/res/values/strings.xml
[INFO]   Extracting module resources: /Users/sequestermckinney/Library/Application Support/Titanium/mobilesdk/osx/5.2.0.GA/android/modules/titanium-contacts.res.zip
[DEBUG]  Merging /var/folders/zc/l695h7fx1q11pz4v2tgdbvxr0000gn/T/116213-59100-1svt7dt/res/values/strings.xml => /Users/sequestermckinney/Desktop/Class-Repos/AVF/weatherappweek2/build/android/res/values/strings.xml
[INFO]   Extracting module resources: /Users/sequestermckinney/Library/Application Support/Titanium/mobilesdk/osx/5.2.0.GA/android/modules/titanium-map.res.zip
[DEBUG]  Merging /var/folders/zc/l695h7fx1q11pz4v2tgdbvxr0000gn/T/116213-59100-13awo8k/res/values/strings.xml => /Users/sequestermckinney/Desktop/Class-Repos/AVF/weatherappweek2/build/android/res/values/strings.xml
[INFO]   Extracting module resources: /Users/sequestermckinney/Library/Application Support/Titanium/mobilesdk/osx/5.2.0.GA/android/modules/titanium-gesture.res.zip
[DEBUG]  Merging /var/folders/zc/l695h7fx1q11pz4v2tgdbvxr0000gn/T/116213-59100-1wk8450/res/values/strings.xml => /Users/sequestermckinney/Desktop/Class-Repos/AVF/weatherappweek2/build/android/res/values/strings.xml
[INFO]   Extracting module resources: /Users/sequestermckinney/Library/Application Support/Titanium/mobilesdk/osx/5.2.0.GA/android/modules/titanium-calendar.res.zip
[DEBUG]  Merging /var/folders/zc/l695h7fx1q11pz4v2tgdbvxr0000gn/T/116213-59100-1erljuw/res/values/strings.xml => /Users/sequestermckinney/Desktop/Class-Repos/AVF/weatherappweek2/build/android/res/values/strings.xml
[INFO]   Extracting module resources: /Users/sequestermckinney/Library/Application Support/Titanium/mobilesdk/osx/5.2.0.GA/android/modules/titanium-platform.res.zip
[DEBUG]  Merging /var/folders/zc/l695h7fx1q11pz4v2tgdbvxr0000gn/T/116213-59100-72kzs9/res/values/strings.xml => /Users/sequestermckinney/Desktop/Class-Repos/AVF/weatherappweek2/build/android/res/values/strings.xml
[INFO]   Extracting module resources: /Users/sequestermckinney/Library/Application Support/Titanium/mobilesdk/osx/5.2.0.GA/android/modules/titanium-database.res.zip
[DEBUG]  Merging /var/folders/zc/l695h7fx1q11pz4v2tgdbvxr0000gn/T/116213-59100-hhbr8e/res/values/strings.xml => /Users/sequestermckinney/Desktop/Class-Repos/AVF/weatherappweek2/build/android/res/values/strings.xml
[DEBUG]  Removing old file: /Users/sequestermckinney/Desktop/Class-Repos/AVF/weatherappweek2/build/android/.classpath
[DEBUG]  Removing old file: /Users/sequestermckinney/Desktop/Class-Repos/AVF/weatherappweek2/build/android/.gitignore
[DEBUG]  Removing old file: /Users/sequestermckinney/Desktop/Class-Repos/AVF/weatherappweek2/build/android/.project
[DEBUG]  Removing old file: /Users/sequestermckinney/Desktop/Class-Repos/AVF/weatherappweek2/build/android/AndroidManifest.xml
[DEBUG]  Removing old file: /Users/sequestermckinney/Desktop/Class-Repos/AVF/weatherappweek2/build/android/default.properties
[DEBUG]  Removing old file: /Users/sequestermckinney/Desktop/Class-Repos/AVF/weatherappweek2/build/android/java-sources.txt
[DEBUG]  Copying template /Users/sequestermckinney/Library/Application Support/Titanium/mobilesdk/osx/5.2.0.GA/android/templates/build/AppInfo.java => /Users/sequestermckinney/Desktop/Class-Repos/AVF/weatherappweek2/build/android/gen/com/studios/weatherappweek2/Weatherappweek2AppInfo.java
[DEBUG]  Copying template /Users/sequestermckinney/Library/Application Support/Titanium/mobilesdk/osx/5.2.0.GA/android/templates/build/App.java => /Users/sequestermckinney/Desktop/Class-Repos/AVF/weatherappweek2/build/android/gen/com/studios/weatherappweek2/Weatherappweek2Application.java
[DEBUG]  Copying template /Users/sequestermckinney/Library/Application Support/Titanium/mobilesdk/osx/5.2.0.GA/android/templates/build/Activity.java => /Users/sequestermckinney/Desktop/Class-Repos/AVF/weatherappweek2/build/android/gen/com/studios/weatherappweek2/Weatherappweek2Activity.java
[DEBUG]  Copying template /Users/sequestermckinney/Library/Application Support/Titanium/mobilesdk/osx/5.2.0.GA/android/templates/build/project => /Users/sequestermckinney/Desktop/Class-Repos/AVF/weatherappweek2/build/android/.project
[DEBUG]  Copying template /Users/sequestermckinney/Library/Application Support/Titanium/mobilesdk/osx/5.2.0.GA/android/templates/build/default.properties => /Users/sequestermckinney/Desktop/Class-Repos/AVF/weatherappweek2/build/android/default.properties
[DEBUG]  Copying /Users/sequestermckinney/Library/Application Support/Titanium/mobilesdk/osx/5.2.0.GA/android/templates/build/gitignore => /Users/sequestermckinney/Desktop/Class-Repos/AVF/weatherappweek2/build/android/.gitignore
[DEBUG]  Copying /Users/sequestermckinney/Library/Application Support/Titanium/mobilesdk/osx/5.2.0.GA/android/templates/build/classpath => /Users/sequestermckinney/Desktop/Class-Repos/AVF/weatherappweek2/build/android/.classpath
[INFO]   No aidl files to compile, continuing
[INFO]   Generating i18n files
[DEBUG]  Merging en strings => /Users/sequestermckinney/Desktop/Class-Repos/AVF/weatherappweek2/build/android/res/values/strings.xml
[INFO]   Generating /Users/sequestermckinney/Desktop/Class-Repos/AVF/weatherappweek2/build/android/res/values/theme.xml
[INFO]   Packaging application: /Users/sequestermckinney/Library/android-sdk-macosx/build-tools/23.0.1/aapt "package" "-f" "-m" "-J" "/Users/sequestermckinney/Desktop/Class-Repos/AVF/weatherappweek2/build/android/gen" "-M" "/Users/sequestermckinney/Desktop/Class-Repos/AVF/weatherappweek2/build/android/AndroidManifest.xml" "-A" "/Users/sequestermckinney/Desktop/Class-Repos/AVF/weatherappweek2/build/android/bin/assets" "-S" "/Users/sequestermckinney/Desktop/Class-Repos/AVF/weatherappweek2/build/android/res" "-I" "/Users/sequestermckinney/Library/android-sdk-macosx/platforms/android-23/android.jar" "-F" "/Users/sequestermckinney/Desktop/Class-Repos/AVF/weatherappweek2/build/android/bin/app.ap_" "--auto-add-overlay" "--extra-packages" "ti.modules.titanium.ui:android.support.v7.appcompat:android.support.v7.cardview" "-S" "/var/folders/zc/l695h7fx1q11pz4v2tgdbvxr0000gn/T/116213-59100-1ruhepw/res" "-S" "/var/folders/zc/l695h7fx1q11pz4v2tgdbvxr0000gn/T/116213-59100-1gxsh9k/res" "-S" "/var/folders/zc/l695h7fx1q11pz4v2tgdbvxr0000gn/T/116213-59100-1nyb6bz/res"
[INFO]   Building Java source files: /Library/Java/JavaVirtualMachines/jdk1.7.0_80.jdk/Contents/Home/bin/javac "-J-Xmx1024M" "-encoding" "utf8" "-bootclasspath" "/Users/sequestermckinney/Library/android-sdk-macosx/platforms/android-23/android.jar:/Users/sequestermckinney/Library/Application Support/Titanium/mobilesdk/osx/5.2.0.GA/android/kroll-v8.jar:/Users/sequestermckinney/Library/Application Support/Titanium/mobilesdk/osx/5.2.0.GA/android/modules/titanium-analytics.jar:/Users/sequestermckinney/Library/Application Support/Titanium/mobilesdk/osx/5.2.0.GA/android/aps-analytics.jar:/Users/sequestermckinney/Library/Application Support/Titanium/mobilesdk/osx/5.2.0.GA/android/modules/titanium-android.jar:/Users/sequestermckinney/Library/Application Support/Titanium/mobilesdk/osx/5.2.0.GA/android/jaxen-1.1.1.jar:/Users/sequestermckinney/Library/Application Support/Titanium/mobilesdk/osx/5.2.0.GA/android/ti-commons-codec-1.3.jar:/Users/sequestermckinney/Library/Application Support/Titanium/mobilesdk/osx/5.2.0.GA/android/kroll-common.jar:/Users/sequestermckinney/Library/Application Support/Titanium/mobilesdk/osx/5.2.0.GA/android/titanium.jar:/Users/sequestermckinney/Library/Application Support/Titanium/mobilesdk/osx/5.2.0.GA/android/modules/titanium-app.jar:/Users/sequestermckinney/Library/Application Support/Titanium/mobilesdk/osx/5.2.0.GA/android/modules/titanium-ui.jar:/Users/sequestermckinney/Library/Application Support/Titanium/mobilesdk/osx/5.2.0.GA/android/nineoldandroids-appc-2.4.0.jar:/Users/sequestermckinney/Library/Application Support/Titanium/mobilesdk/osx/5.2.0.GA/android/modules/titanium-filesystem.jar:/Users/sequestermckinney/Library/Application Support/Titanium/mobilesdk/osx/5.2.0.GA/android/modules/titanium-media.jar:/Users/sequestermckinney/Library/Application Support/Titanium/mobilesdk/osx/5.2.0.GA/android/modules/titanium-appcompat.jar:/Users/sequestermckinney/Library/Application Support/Titanium/mobilesdk/osx/5.2.0.GA/android/android-support-v4.jar:/Users/sequestermckinney/Library/Application Support/Titanium/mobilesdk/osx/5.2.0.GA/android/android-support-v7-appcompat.jar:/Users/sequestermckinney/Library/Application Support/Titanium/mobilesdk/osx/5.2.0.GA/android/modules/titanium-cardview.jar:/Users/sequestermckinney/Library/Application Support/Titanium/mobilesdk/osx/5.2.0.GA/android/cardview-v7-23.0.1.jar:/Users/sequestermckinney/Library/Application Support/Titanium/mobilesdk/osx/5.2.0.GA/android/modules/titanium-locale.jar:/Users/sequestermckinney/Library/Application Support/Titanium/mobilesdk/osx/5.2.0.GA/android/modules/titanium-network.jar:/Users/sequestermckinney/Library/Application Support/Titanium/mobilesdk/osx/5.2.0.GA/android/modules/titanium-xml.jar:/Users/sequestermckinney/Library/Application Support/Titanium/mobilesdk/osx/5.2.0.GA/android/modules/titanium-utils.jar:/Users/sequestermckinney/Library/Application Support/Titanium/mobilesdk/osx/5.2.0.GA/android/modules/titanium-geolocation.jar:/Users/sequestermckinney/Library/Application Support/Titanium/mobilesdk/osx/5.2.0.GA/android/modules/titanium-accelerometer.jar:/Users/sequestermckinney/Library/Application Support/Titanium/mobilesdk/osx/5.2.0.GA/android/modules/titanium-contacts.jar:/Users/sequestermckinney/Library/Application Support/Titanium/mobilesdk/osx/5.2.0.GA/android/modules/titanium-map.jar:/Users/sequestermckinney/Library/Application Support/Titanium/mobilesdk/osx/5.2.0.GA/android/modules/titanium-gesture.jar:/Users/sequestermckinney/Library/Application Support/Titanium/mobilesdk/osx/5.2.0.GA/android/modules/titanium-calendar.jar:/Users/sequestermckinney/Library/Application Support/Titanium/mobilesdk/osx/5.2.0.GA/android/modules/titanium-platform.jar:/Users/sequestermckinney/Library/Application Support/Titanium/mobilesdk/osx/5.2.0.GA/android/modules/titanium-database.jar:/Users/sequestermckinney/Library/Application Support/Titanium/mobilesdk/osx/5.2.0.GA/android/lib/titanium-verify.jar:R.class:AssetCryptImpl.class:Weatherappweek2Activity.class:Weatherappweek2AppInfo.class:Weatherappweek2Application.class" "-d" "/Users/sequestermckinney/Desktop/Class-Repos/AVF/weatherappweek2/build/android/bin/classes" "-proc:none" "-target" "1.6" "-source" "1.6" "@/Users/sequestermckinney/Desktop/Class-Repos/AVF/weatherappweek2/build/android/java-sources.txt"
[INFO]   Running dexer: /Library/Java/JavaVirtualMachines/jdk1.7.0_80.jdk/Contents/Home/bin/java "-Xmx1024M" "-XX:-UseGCOverheadLimit" "-Djava.ext.dirs=/Users/sequestermckinney/Library/android-sdk-macosx/platform-tools" "-jar" "/Users/sequestermckinney/Library/android-sdk-macosx/build-tools/23.0.1/lib/dx.jar" "--dex" "--output=/Users/sequestermckinney/Desktop/Class-Repos/AVF/weatherappweek2/build/android/bin/classes.dex" "/Users/sequestermckinney/Desktop/Class-Repos/AVF/weatherappweek2/build/android/bin/classes" "/Users/sequestermckinney/Library/Application Support/Titanium/mobilesdk/osx/5.2.0.GA/android/lib/titanium-verify.jar" "/Users/sequestermckinney/Library/Application Support/Titanium/mobilesdk/osx/5.2.0.GA/android/kroll-v8.jar" "/Users/sequestermckinney/Library/Application Support/Titanium/mobilesdk/osx/5.2.0.GA/android/modules/titanium-analytics.jar" "/Users/sequestermckinney/Library/Application Support/Titanium/mobilesdk/osx/5.2.0.GA/android/aps-analytics.jar" "/Users/sequestermckinney/Library/Application Support/Titanium/mobilesdk/osx/5.2.0.GA/android/modules/titanium-android.jar" "/Users/sequestermckinney/Library/Application Support/Titanium/mobilesdk/osx/5.2.0.GA/android/jaxen-1.1.1.jar" "/Users/sequestermckinney/Library/Application Support/Titanium/mobilesdk/osx/5.2.0.GA/android/ti-commons-codec-1.3.jar" "/Users/sequestermckinney/Library/Application Support/Titanium/mobilesdk/osx/5.2.0.GA/android/kroll-common.jar" "/Users/sequestermckinney/Library/Application Support/Titanium/mobilesdk/osx/5.2.0.GA/android/titanium.jar" "/Users/sequestermckinney/Library/Application Support/Titanium/mobilesdk/osx/5.2.0.GA/android/modules/titanium-app.jar" "/Users/sequestermckinney/Library/Application Support/Titanium/mobilesdk/osx/5.2.0.GA/android/modules/titanium-ui.jar" "/Users/sequestermckinney/Library/Application Support/Titanium/mobilesdk/osx/5.2.0.GA/android/nineoldandroids-appc-2.4.0.jar" "/Users/sequestermckinney/Library/Application Support/Titanium/mobilesdk/osx/5.2.0.GA/android/modules/titanium-filesystem.jar" "/Users/sequestermckinney/Library/Application Support/Titanium/mobilesdk/osx/5.2.0.GA/android/modules/titanium-media.jar" "/Users/sequestermckinney/Library/Application Support/Titanium/mobilesdk/osx/5.2.0.GA/android/modules/titanium-appcompat.jar" "/Users/sequestermckinney/Library/Application Support/Titanium/mobilesdk/osx/5.2.0.GA/android/android-support-v4.jar" "/Users/sequestermckinney/Library/Application Support/Titanium/mobilesdk/osx/5.2.0.GA/android/android-support-v7-appcompat.jar" "/Users/sequestermckinney/Library/Application Support/Titanium/mobilesdk/osx/5.2.0.GA/android/modules/titanium-cardview.jar" "/Users/sequestermckinney/Library/Application Support/Titanium/mobilesdk/osx/5.2.0.GA/android/cardview-v7-23.0.1.jar" "/Users/sequestermckinney/Library/Application Support/Titanium/mobilesdk/osx/5.2.0.GA/android/modules/titanium-locale.jar" "/Users/sequestermckinney/Library/Application Support/Titanium/mobilesdk/osx/5.2.0.GA/android/modules/titanium-network.jar" "/Users/sequestermckinney/Library/Application Support/Titanium/mobilesdk/osx/5.2.0.GA/android/modules/titanium-xml.jar" "/Users/sequestermckinney/Library/Application Support/Titanium/mobilesdk/osx/5.2.0.GA/android/modules/titanium-utils.jar" "/Users/sequestermckinney/Library/Application Support/Titanium/mobilesdk/osx/5.2.0.GA/android/modules/titanium-geolocation.jar" "/Users/sequestermckinney/Library/Application Support/Titanium/mobilesdk/osx/5.2.0.GA/android/modules/titanium-accelerometer.jar" "/Users/sequestermckinney/Library/Application Support/Titanium/mobilesdk/osx/5.2.0.GA/android/modules/titanium-contacts.jar" "/Users/sequestermckinney/Library/Application Support/Titanium/mobilesdk/osx/5.2.0.GA/android/modules/titanium-map.jar" "/Users/sequestermckinney/Library/Application Support/Titanium/mobilesdk/osx/5.2.0.GA/android/modules/titanium-gesture.jar" "/Users/sequestermckinney/Library/Application Support/Titanium/mobilesdk/osx/5.2.0.GA/android/modules/titanium-calendar.jar" "/Users/sequestermckinney/Library/Application Support/Titanium/mobilesdk/osx/5.2.0.GA/android/modules/titanium-platform.jar" "/Users/sequestermckinney/Library/Application Support/Titanium/mobilesdk/osx/5.2.0.GA/android/modules/titanium-database.jar"
[TRACE]  Found 1 devices, checking if any of them are the emulator...
[TRACE]  Emulator is running!
[TRACE]  Checking if boot animation has finished...
[TRACE]  Emulator is not booted yet; checking again in 2000 ms
[TRACE]  Emulator is not booted yet; checking again in 2000 ms
[TRACE]  Emulator is not booted yet; checking again in 2000 ms
[TRACE]  Emulator is not booted yet; checking again in 2000 ms
[TRACE]  Emulator is booted, emitting booted event
[INFO]   Emulator is booted
[INFO]   SD card not required, skipping mount check
[INFO]   Emulator ready!
[INFO]   Creating unsigned apk
[DEBUG]  Processing /Users/sequestermckinney/Desktop/Class-Repos/AVF/weatherappweek2/build/android/bin/app.ap_
[DEBUG]  Deflating AndroidManifest.xml
[DEBUG]  Adding assets/Resources/KS_nav_ui.png
[DEBUG]  Adding assets/Resources/KS_nav_views.png
[DEBUG]  Adding assets/Resources/appicon.png
[DEBUG]  Deflating assets/app.json
[DEBUG]  Deflating assets/index.json
[DEBUG]  Deflating res/anim/abc_fade_in.xml
[DEBUG]  Deflating res/anim/abc_fade_out.xml
[DEBUG]  Deflating res/anim/abc_grow_fade_in_from_bottom.xml
[DEBUG]  Deflating res/anim/abc_popup_enter.xml
[DEBUG]  Deflating res/anim/abc_popup_exit.xml
[DEBUG]  Deflating res/anim/abc_shrink_fade_out_from_bottom.xml
[DEBUG]  Deflating res/anim/abc_slide_in_bottom.xml
[DEBUG]  Deflating res/anim/abc_slide_in_top.xml
[DEBUG]  Deflating res/anim/abc_slide_out_bottom.xml
[DEBUG]  Deflating res/anim/abc_slide_out_top.xml
[DEBUG]  Deflating res/color-v11/abc_background_cache_hint_selector_material_dark.xml
[DEBUG]  Deflating res/color-v11/abc_background_cache_hint_selector_material_light.xml
[DEBUG]  Deflating res/color-v23/abc_color_highlight_material.xml
[DEBUG]  Deflating res/color/abc_background_cache_hint_selector_material_dark.xml
[DEBUG]  Deflating res/color/abc_background_cache_hint_selector_material_light.xml
[DEBUG]  Deflating res/color/abc_primary_text_disable_only_material_dark.xml
[DEBUG]  Deflating res/color/abc_primary_text_disable_only_material_light.xml
[DEBUG]  Deflating res/color/abc_primary_text_material_dark.xml
[DEBUG]  Deflating res/color/abc_primary_text_material_light.xml
[DEBUG]  Deflating res/color/abc_search_url_text.xml
[DEBUG]  Deflating res/color/abc_secondary_text_material_dark.xml
[DEBUG]  Deflating res/color/abc_secondary_text_material_light.xml
[DEBUG]  Deflating res/color/switch_thumb_material_dark.xml
[DEBUG]  Deflating res/color/switch_thumb_material_light.xml
[DEBUG]  Adding res/drawable-hdpi-v4/abc_ab_share_pack_mtrl_alpha.9.png
[DEBUG]  Adding res/drawable-hdpi-v4/abc_btn_check_to_on_mtrl_000.png
[DEBUG]  Adding res/drawable-hdpi-v4/abc_btn_check_to_on_mtrl_015.png
[DEBUG]  Adding res/drawable-hdpi-v4/abc_btn_radio_to_on_mtrl_000.png
[DEBUG]  Adding res/drawable-hdpi-v4/abc_btn_radio_to_on_mtrl_015.png
[DEBUG]  Adding res/drawable-hdpi-v4/abc_btn_rating_star_off_mtrl_alpha.png
[DEBUG]  Adding res/drawable-hdpi-v4/abc_btn_rating_star_on_mtrl_alpha.png
[DEBUG]  Adding res/drawable-hdpi-v4/abc_btn_switch_to_on_mtrl_00001.9.png
[DEBUG]  Adding res/drawable-hdpi-v4/abc_btn_switch_to_on_mtrl_00012.9.png
[DEBUG]  Adding res/drawable-hdpi-v4/abc_cab_background_top_mtrl_alpha.9.png
[DEBUG]  Adding res/drawable-hdpi-v4/abc_ic_ab_back_mtrl_am_alpha.png
[DEBUG]  Adding res/drawable-hdpi-v4/abc_ic_clear_mtrl_alpha.png
[DEBUG]  Adding res/drawable-hdpi-v4/abc_ic_commit_search_api_mtrl_alpha.png
[DEBUG]  Adding res/drawable-hdpi-v4/abc_ic_go_search_api_mtrl_alpha.png
[DEBUG]  Adding res/drawable-hdpi-v4/abc_ic_menu_copy_mtrl_am_alpha.png
[DEBUG]  Adding res/drawable-hdpi-v4/abc_ic_menu_cut_mtrl_alpha.png
[DEBUG]  Adding res/drawable-hdpi-v4/abc_ic_menu_moreoverflow_mtrl_alpha.png
[DEBUG]  Adding res/drawable-hdpi-v4/abc_ic_menu_paste_mtrl_am_alpha.png
[DEBUG]  Adding res/drawable-hdpi-v4/abc_ic_menu_selectall_mtrl_alpha.png
[DEBUG]  Adding res/drawable-hdpi-v4/abc_ic_menu_share_mtrl_alpha.png
[DEBUG]  Adding res/drawable-hdpi-v4/abc_ic_search_api_mtrl_alpha.png
[DEBUG]  Adding res/drawable-hdpi-v4/abc_ic_voice_search_api_mtrl_alpha.png
[DEBUG]  Adding res/drawable-hdpi-v4/abc_list_divider_mtrl_alpha.9.png
[DEBUG]  Adding res/drawable-hdpi-v4/abc_list_focused_holo.9.png
[DEBUG]  Adding res/drawable-hdpi-v4/abc_list_longpressed_holo.9.png
[DEBUG]  Adding res/drawable-hdpi-v4/abc_list_pressed_holo_dark.9.png
[DEBUG]  Adding res/drawable-hdpi-v4/abc_list_pressed_holo_light.9.png
[DEBUG]  Adding res/drawable-hdpi-v4/abc_list_selector_disabled_holo_dark.9.png
[DEBUG]  Adding res/drawable-hdpi-v4/abc_list_selector_disabled_holo_light.9.png
[DEBUG]  Adding res/drawable-hdpi-v4/abc_menu_hardkey_panel_mtrl_mult.9.png
[DEBUG]  Adding res/drawable-hdpi-v4/abc_popup_background_mtrl_mult.9.png
[DEBUG]  Adding res/drawable-hdpi-v4/abc_spinner_mtrl_am_alpha.9.png
[DEBUG]  Adding res/drawable-hdpi-v4/abc_switch_track_mtrl_alpha.9.png
[DEBUG]  Adding res/drawable-hdpi-v4/abc_tab_indicator_mtrl_alpha.9.png
[DEBUG]  Adding res/drawable-hdpi-v4/abc_textfield_activated_mtrl_alpha.9.png
[DEBUG]  Adding res/drawable-hdpi-v4/abc_textfield_default_mtrl_alpha.9.png
[DEBUG]  Adding res/drawable-hdpi-v4/abc_textfield_search_activated_mtrl_alpha.9.png
[DEBUG]  Adding res/drawable-hdpi-v4/abc_textfield_search_default_mtrl_alpha.9.png
[DEBUG]  Adding res/drawable-ldrtl-hdpi-v4/abc_ic_ab_back_mtrl_am_alpha.png
[DEBUG]  Adding res/drawable-ldrtl-hdpi-v4/abc_ic_menu_copy_mtrl_am_alpha.png
[DEBUG]  Adding res/drawable-ldrtl-hdpi-v4/abc_ic_menu_cut_mtrl_alpha.png
[DEBUG]  Adding res/drawable-ldrtl-hdpi-v4/abc_spinner_mtrl_am_alpha.9.png
[DEBUG]  Adding res/drawable-ldrtl-mdpi-v4/abc_ic_ab_back_mtrl_am_alpha.png
[DEBUG]  Adding res/drawable-ldrtl-mdpi-v4/abc_ic_menu_copy_mtrl_am_alpha.png
[DEBUG]  Adding res/drawable-ldrtl-mdpi-v4/abc_ic_menu_cut_mtrl_alpha.png
[DEBUG]  Adding res/drawable-ldrtl-mdpi-v4/abc_spinner_mtrl_am_alpha.9.png
[DEBUG]  Adding res/drawable-ldrtl-xhdpi-v4/abc_ic_ab_back_mtrl_am_alpha.png
[DEBUG]  Adding res/drawable-ldrtl-xhdpi-v4/abc_ic_menu_copy_mtrl_am_alpha.png
[DEBUG]  Adding res/drawable-ldrtl-xhdpi-v4/abc_ic_menu_cut_mtrl_alpha.png
[DEBUG]  Adding res/drawable-ldrtl-xhdpi-v4/abc_spinner_mtrl_am_alpha.9.png
[DEBUG]  Adding res/drawable-ldrtl-xxhdpi-v4/abc_ic_ab_back_mtrl_am_alpha.png
[DEBUG]  Adding res/drawable-ldrtl-xxhdpi-v4/abc_ic_menu_copy_mtrl_am_alpha.png
[DEBUG]  Adding res/drawable-ldrtl-xxhdpi-v4/abc_ic_menu_cut_mtrl_alpha.png
[DEBUG]  Adding res/drawable-ldrtl-xxhdpi-v4/abc_spinner_mtrl_am_alpha.9.png
[DEBUG]  Adding res/drawable-ldrtl-xxxhdpi-v4/abc_ic_ab_back_mtrl_am_alpha.png
[DEBUG]  Adding res/drawable-ldrtl-xxxhdpi-v4/abc_ic_menu_copy_mtrl_am_alpha.png
[DEBUG]  Adding res/drawable-ldrtl-xxxhdpi-v4/abc_ic_menu_cut_mtrl_alpha.png
[DEBUG]  Adding res/drawable-ldrtl-xxxhdpi-v4/abc_spinner_mtrl_am_alpha.9.png
[DEBUG]  Adding res/drawable-long-land-hdpi-v4/background.png
[DEBUG]  Adding res/drawable-long-land-ldpi-v4/background.png
[DEBUG]  Adding res/drawable-long-port-hdpi-v4/background.png
[DEBUG]  Adding res/drawable-long-port-ldpi-v4/background.png
[DEBUG]  Adding res/drawable-mdpi-v4/abc_ab_share_pack_mtrl_alpha.9.png
[DEBUG]  Adding res/drawable-mdpi-v4/abc_btn_check_to_on_mtrl_000.png
[DEBUG]  Adding res/drawable-mdpi-v4/abc_btn_check_to_on_mtrl_015.png
[DEBUG]  Adding res/drawable-mdpi-v4/abc_btn_radio_to_on_mtrl_000.png
[DEBUG]  Adding res/drawable-mdpi-v4/abc_btn_radio_to_on_mtrl_015.png
[DEBUG]  Adding res/drawable-mdpi-v4/abc_btn_rating_star_off_mtrl_alpha.png
[DEBUG]  Adding res/drawable-mdpi-v4/abc_btn_rating_star_on_mtrl_alpha.png
[DEBUG]  Adding res/drawable-mdpi-v4/abc_btn_switch_to_on_mtrl_00001.9.png
[DEBUG]  Adding res/drawable-mdpi-v4/abc_btn_switch_to_on_mtrl_00012.9.png
[DEBUG]  Adding res/drawable-mdpi-v4/abc_cab_background_top_mtrl_alpha.9.png
[DEBUG]  Adding res/drawable-mdpi-v4/abc_ic_ab_back_mtrl_am_alpha.png
[DEBUG]  Adding res/drawable-mdpi-v4/abc_ic_clear_mtrl_alpha.png
[DEBUG]  Adding res/drawable-mdpi-v4/abc_ic_commit_search_api_mtrl_alpha.png
[DEBUG]  Adding res/drawable-mdpi-v4/abc_ic_go_search_api_mtrl_alpha.png
[DEBUG]  Adding res/drawable-mdpi-v4/abc_ic_menu_copy_mtrl_am_alpha.png
[DEBUG]  Adding res/drawable-mdpi-v4/abc_ic_menu_cut_mtrl_alpha.png
[DEBUG]  Adding res/drawable-mdpi-v4/abc_ic_menu_moreoverflow_mtrl_alpha.png
[DEBUG]  Adding res/drawable-mdpi-v4/abc_ic_menu_paste_mtrl_am_alpha.png
[DEBUG]  Adding res/drawable-mdpi-v4/abc_ic_menu_selectall_mtrl_alpha.png
[DEBUG]  Adding res/drawable-mdpi-v4/abc_ic_menu_share_mtrl_alpha.png
[DEBUG]  Adding res/drawable-mdpi-v4/abc_ic_search_api_mtrl_alpha.png
[DEBUG]  Adding res/drawable-mdpi-v4/abc_ic_voice_search_api_mtrl_alpha.png
[DEBUG]  Adding res/drawable-mdpi-v4/abc_list_divider_mtrl_alpha.9.png
[DEBUG]  Adding res/drawable-mdpi-v4/abc_list_focused_holo.9.png
[DEBUG]  Adding res/drawable-mdpi-v4/abc_list_longpressed_holo.9.png
[DEBUG]  Adding res/drawable-mdpi-v4/abc_list_pressed_holo_dark.9.png
[DEBUG]  Adding res/drawable-mdpi-v4/abc_list_pressed_holo_light.9.png
[DEBUG]  Adding res/drawable-mdpi-v4/abc_list_selector_disabled_holo_dark.9.png
[DEBUG]  Adding res/drawable-mdpi-v4/abc_list_selector_disabled_holo_light.9.png
[DEBUG]  Adding res/drawable-mdpi-v4/abc_menu_hardkey_panel_mtrl_mult.9.png
[DEBUG]  Adding res/drawable-mdpi-v4/abc_popup_background_mtrl_mult.9.png
[DEBUG]  Adding res/drawable-mdpi-v4/abc_spinner_mtrl_am_alpha.9.png
[DEBUG]  Adding res/drawable-mdpi-v4/abc_switch_track_mtrl_alpha.9.png
[DEBUG]  Adding res/drawable-mdpi-v4/abc_tab_indicator_mtrl_alpha.9.png
[DEBUG]  Adding res/drawable-mdpi-v4/abc_textfield_activated_mtrl_alpha.9.png
[DEBUG]  Adding res/drawable-mdpi-v4/abc_textfield_default_mtrl_alpha.9.png
[DEBUG]  Adding res/drawable-mdpi-v4/abc_textfield_search_activated_mtrl_alpha.9.png
[DEBUG]  Adding res/drawable-mdpi-v4/abc_textfield_search_default_mtrl_alpha.9.png
[DEBUG]  Adding res/drawable-notlong-land-hdpi-v4/background.png
[DEBUG]  Adding res/drawable-notlong-land-ldpi-v4/background.png
[DEBUG]  Adding res/drawable-notlong-land-mdpi-v4/background.png
[DEBUG]  Adding res/drawable-notlong-port-hdpi-v4/background.png
[DEBUG]  Adding res/drawable-notlong-port-ldpi-v4/background.png
[DEBUG]  Adding res/drawable-notlong-port-mdpi-v4/background.png
[DEBUG]  Deflating res/drawable-v21/abc_action_bar_item_background_material.xml
[DEBUG]  Deflating res/drawable-v21/abc_btn_colored_material.xml
[DEBUG]  Deflating res/drawable-v23/abc_control_background_material.xml
[DEBUG]  Adding res/drawable-xhdpi-v4/abc_ab_share_pack_mtrl_alpha.9.png
[DEBUG]  Adding res/drawable-xhdpi-v4/abc_btn_check_to_on_mtrl_000.png
[DEBUG]  Adding res/drawable-xhdpi-v4/abc_btn_check_to_on_mtrl_015.png
[DEBUG]  Adding res/drawable-xhdpi-v4/abc_btn_radio_to_on_mtrl_000.png
[DEBUG]  Adding res/drawable-xhdpi-v4/abc_btn_radio_to_on_mtrl_015.png
[DEBUG]  Adding res/drawable-xhdpi-v4/abc_btn_rating_star_off_mtrl_alpha.png
[DEBUG]  Adding res/drawable-xhdpi-v4/abc_btn_rating_star_on_mtrl_alpha.png
[DEBUG]  Adding res/drawable-xhdpi-v4/abc_btn_switch_to_on_mtrl_00001.9.png
[DEBUG]  Adding res/drawable-xhdpi-v4/abc_btn_switch_to_on_mtrl_00012.9.png
[DEBUG]  Adding res/drawable-xhdpi-v4/abc_cab_background_top_mtrl_alpha.9.png
[DEBUG]  Adding res/drawable-xhdpi-v4/abc_ic_ab_back_mtrl_am_alpha.png
[DEBUG]  Adding res/drawable-xhdpi-v4/abc_ic_clear_mtrl_alpha.png
[DEBUG]  Adding res/drawable-xhdpi-v4/abc_ic_commit_search_api_mtrl_alpha.png
[DEBUG]  Adding res/drawable-xhdpi-v4/abc_ic_go_search_api_mtrl_alpha.png
[DEBUG]  Adding res/drawable-xhdpi-v4/abc_ic_menu_copy_mtrl_am_alpha.png
[DEBUG]  Adding res/drawable-xhdpi-v4/abc_ic_menu_cut_mtrl_alpha.png
[DEBUG]  Adding res/drawable-xhdpi-v4/abc_ic_menu_moreoverflow_mtrl_alpha.png
[DEBUG]  Adding res/drawable-xhdpi-v4/abc_ic_menu_paste_mtrl_am_alpha.png
[DEBUG]  Adding res/drawable-xhdpi-v4/abc_ic_menu_selectall_mtrl_alpha.png
[DEBUG]  Adding res/drawable-xhdpi-v4/abc_ic_menu_share_mtrl_alpha.png
[DEBUG]  Adding res/drawable-xhdpi-v4/abc_ic_search_api_mtrl_alpha.png
[DEBUG]  Adding res/drawable-xhdpi-v4/abc_ic_voice_search_api_mtrl_alpha.png
[DEBUG]  Adding res/drawable-xhdpi-v4/abc_list_divider_mtrl_alpha.9.png
[DEBUG]  Adding res/drawable-xhdpi-v4/abc_list_focused_holo.9.png
[DEBUG]  Adding res/drawable-xhdpi-v4/abc_list_longpressed_holo.9.png
[DEBUG]  Adding res/drawable-xhdpi-v4/abc_list_pressed_holo_dark.9.png
[DEBUG]  Adding res/drawable-xhdpi-v4/abc_list_pressed_holo_light.9.png
[DEBUG]  Adding res/drawable-xhdpi-v4/abc_list_selector_disabled_holo_dark.9.png
[DEBUG]  Adding res/drawable-xhdpi-v4/abc_list_selector_disabled_holo_light.9.png
[DEBUG]  Adding res/drawable-xhdpi-v4/abc_menu_hardkey_panel_mtrl_mult.9.png
[DEBUG]  Adding res/drawable-xhdpi-v4/abc_popup_background_mtrl_mult.9.png
[DEBUG]  Adding res/drawable-xhdpi-v4/abc_spinner_mtrl_am_alpha.9.png
[DEBUG]  Adding res/drawable-xhdpi-v4/abc_switch_track_mtrl_alpha.9.png
[DEBUG]  Adding res/drawable-xhdpi-v4/abc_tab_indicator_mtrl_alpha.9.png
[DEBUG]  Adding res/drawable-xhdpi-v4/abc_textfield_activated_mtrl_alpha.9.png
[DEBUG]  Adding res/drawable-xhdpi-v4/abc_textfield_default_mtrl_alpha.9.png
[DEBUG]  Adding res/drawable-xhdpi-v4/abc_textfield_search_activated_mtrl_alpha.9.png
[DEBUG]  Adding res/drawable-xhdpi-v4/abc_textfield_search_default_mtrl_alpha.9.png
[DEBUG]  Adding res/drawable-xxhdpi-v4/abc_ab_share_pack_mtrl_alpha.9.png
[DEBUG]  Adding res/drawable-xxhdpi-v4/abc_btn_check_to_on_mtrl_000.png
[DEBUG]  Adding res/drawable-xxhdpi-v4/abc_btn_check_to_on_mtrl_015.png
[DEBUG]  Adding res/drawable-xxhdpi-v4/abc_btn_radio_to_on_mtrl_000.png
[DEBUG]  Adding res/drawable-xxhdpi-v4/abc_btn_radio_to_on_mtrl_015.png
[DEBUG]  Adding res/drawable-xxhdpi-v4/abc_btn_rating_star_off_mtrl_alpha.png
[DEBUG]  Adding res/drawable-xxhdpi-v4/abc_btn_rating_star_on_mtrl_alpha.png
[DEBUG]  Adding res/drawable-xxhdpi-v4/abc_btn_switch_to_on_mtrl_00001.9.png
[DEBUG]  Adding res/drawable-xxhdpi-v4/abc_btn_switch_to_on_mtrl_00012.9.png
[DEBUG]  Adding res/drawable-xxhdpi-v4/abc_cab_background_top_mtrl_alpha.9.png
[DEBUG]  Adding res/drawable-xxhdpi-v4/abc_ic_ab_back_mtrl_am_alpha.png
[DEBUG]  Adding res/drawable-xxhdpi-v4/abc_ic_clear_mtrl_alpha.png
[DEBUG]  Adding res/drawable-xxhdpi-v4/abc_ic_commit_search_api_mtrl_alpha.png
[DEBUG]  Adding res/drawable-xxhdpi-v4/abc_ic_go_search_api_mtrl_alpha.png
[DEBUG]  Adding res/drawable-xxhdpi-v4/abc_ic_menu_copy_mtrl_am_alpha.png
[DEBUG]  Adding res/drawable-xxhdpi-v4/abc_ic_menu_cut_mtrl_alpha.png
[DEBUG]  Adding res/drawable-xxhdpi-v4/abc_ic_menu_moreoverflow_mtrl_alpha.png
[DEBUG]  Adding res/drawable-xxhdpi-v4/abc_ic_menu_paste_mtrl_am_alpha.png
[DEBUG]  Adding res/drawable-xxhdpi-v4/abc_ic_menu_selectall_mtrl_alpha.png
[DEBUG]  Adding res/drawable-xxhdpi-v4/abc_ic_menu_share_mtrl_alpha.png
[DEBUG]  Adding res/drawable-xxhdpi-v4/abc_ic_search_api_mtrl_alpha.png
[DEBUG]  Adding res/drawable-xxhdpi-v4/abc_ic_voice_search_api_mtrl_alpha.png
[DEBUG]  Adding res/drawable-xxhdpi-v4/abc_list_divider_mtrl_alpha.9.png
[DEBUG]  Adding res/drawable-xxhdpi-v4/abc_list_focused_holo.9.png
[DEBUG]  Adding res/drawable-xxhdpi-v4/abc_list_longpressed_holo.9.png
[DEBUG]  Adding res/drawable-xxhdpi-v4/abc_list_pressed_holo_dark.9.png
[DEBUG]  Adding res/drawable-xxhdpi-v4/abc_list_pressed_holo_light.9.png
[DEBUG]  Adding res/drawable-xxhdpi-v4/abc_list_selector_disabled_holo_dark.9.png
[DEBUG]  Adding res/drawable-xxhdpi-v4/abc_list_selector_disabled_holo_light.9.png
[DEBUG]  Adding res/drawable-xxhdpi-v4/abc_menu_hardkey_panel_mtrl_mult.9.png
[DEBUG]  Adding res/drawable-xxhdpi-v4/abc_popup_background_mtrl_mult.9.png
[DEBUG]  Adding res/drawable-xxhdpi-v4/abc_spinner_mtrl_am_alpha.9.png
[DEBUG]  Adding res/drawable-xxhdpi-v4/abc_switch_track_mtrl_alpha.9.png
[DEBUG]  Adding res/drawable-xxhdpi-v4/abc_tab_indicator_mtrl_alpha.9.png
[DEBUG]  Adding res/drawable-xxhdpi-v4/abc_textfield_activated_mtrl_alpha.9.png
[DEBUG]  Adding res/drawable-xxhdpi-v4/abc_textfield_default_mtrl_alpha.9.png
[DEBUG]  Adding res/drawable-xxhdpi-v4/abc_textfield_search_activated_mtrl_alpha.9.png
[DEBUG]  Adding res/drawable-xxhdpi-v4/abc_textfield_search_default_mtrl_alpha.9.png
[DEBUG]  Adding res/drawable-xxxhdpi-v4/abc_btn_check_to_on_mtrl_000.png
[DEBUG]  Adding res/drawable-xxxhdpi-v4/abc_btn_check_to_on_mtrl_015.png
[DEBUG]  Adding res/drawable-xxxhdpi-v4/abc_btn_radio_to_on_mtrl_000.png
[DEBUG]  Adding res/drawable-xxxhdpi-v4/abc_btn_radio_to_on_mtrl_015.png
[DEBUG]  Adding res/drawable-xxxhdpi-v4/abc_btn_switch_to_on_mtrl_00001.9.png
[DEBUG]  Adding res/drawable-xxxhdpi-v4/abc_btn_switch_to_on_mtrl_00012.9.png
[DEBUG]  Adding res/drawable-xxxhdpi-v4/abc_ic_ab_back_mtrl_am_alpha.png
[DEBUG]  Adding res/drawable-xxxhdpi-v4/abc_ic_clear_mtrl_alpha.png
[DEBUG]  Adding res/drawable-xxxhdpi-v4/abc_ic_menu_copy_mtrl_am_alpha.png
[DEBUG]  Adding res/drawable-xxxhdpi-v4/abc_ic_menu_cut_mtrl_alpha.png
[DEBUG]  Adding res/drawable-xxxhdpi-v4/abc_ic_menu_moreoverflow_mtrl_alpha.png
[DEBUG]  Adding res/drawable-xxxhdpi-v4/abc_ic_menu_paste_mtrl_am_alpha.png
[DEBUG]  Adding res/drawable-xxxhdpi-v4/abc_ic_menu_selectall_mtrl_alpha.png
[DEBUG]  Adding res/drawable-xxxhdpi-v4/abc_ic_menu_share_mtrl_alpha.png
[DEBUG]  Adding res/drawable-xxxhdpi-v4/abc_ic_search_api_mtrl_alpha.png
[DEBUG]  Adding res/drawable-xxxhdpi-v4/abc_ic_voice_search_api_mtrl_alpha.png
[DEBUG]  Adding res/drawable-xxxhdpi-v4/abc_spinner_mtrl_am_alpha.9.png
[DEBUG]  Adding res/drawable-xxxhdpi-v4/abc_switch_track_mtrl_alpha.9.png
[DEBUG]  Adding res/drawable-xxxhdpi-v4/abc_tab_indicator_mtrl_alpha.9.png
[DEBUG]  Deflating res/drawable/abc_btn_borderless_material.xml
[DEBUG]  Deflating res/drawable/abc_btn_check_material.xml
[DEBUG]  Deflating res/drawable/abc_btn_colored_material.xml
[DEBUG]  Deflating res/drawable/abc_btn_default_mtrl_shape.xml
[DEBUG]  Deflating res/drawable/abc_btn_radio_material.xml
[DEBUG]  Deflating res/drawable/abc_cab_background_internal_bg.xml
[DEBUG]  Deflating res/drawable/abc_cab_background_top_material.xml
[DEBUG]  Deflating res/drawable/abc_dialog_material_background_dark.xml
[DEBUG]  Deflating res/drawable/abc_dialog_material_background_light.xml
[DEBUG]  Deflating res/drawable/abc_edit_text_material.xml
[DEBUG]  Deflating res/drawable/abc_item_background_holo_dark.xml
[DEBUG]  Deflating res/drawable/abc_item_background_holo_light.xml
[DEBUG]  Deflating res/drawable/abc_list_selector_background_transition_holo_dark.xml
[DEBUG]  Deflating res/drawable/abc_list_selector_background_transition_holo_light.xml
[DEBUG]  Deflating res/drawable/abc_list_selector_holo_dark.xml
[DEBUG]  Deflating res/drawable/abc_list_selector_holo_light.xml
[DEBUG]  Deflating res/drawable/abc_ratingbar_full_material.xml
[DEBUG]  Deflating res/drawable/abc_spinner_textfield_background_material.xml
[DEBUG]  Deflating res/drawable/abc_switch_thumb_material.xml
[DEBUG]  Deflating res/drawable/abc_tab_indicator_material.xml
[DEBUG]  Deflating res/drawable/abc_text_cursor_material.xml
[DEBUG]  Deflating res/drawable/abc_textfield_search_material.xml
[DEBUG]  Adding res/drawable/appicon.png
[DEBUG]  Adding res/drawable/background.png
[DEBUG]  Adding res/drawable/btn_check_buttonless_on_64.png
[DEBUG]  Adding res/drawable/btn_more_64.png
[DEBUG]  Adding res/drawable/disclosure_64.png
[DEBUG]  Deflating res/layout-v17/abc_alert_dialog_material.xml
[DEBUG]  Deflating res/layout-v17/abc_dialog_title_material.xml
[DEBUG]  Deflating res/layout-v17/abc_search_view.xml
[DEBUG]  Deflating res/layout-v17/notification_template_big_media.xml
[DEBUG]  Deflating res/layout-v17/notification_template_big_media_narrow.xml
[DEBUG]  Deflating res/layout-v17/notification_template_lines.xml
[DEBUG]  Deflating res/layout-v17/notification_template_media.xml
[DEBUG]  Deflating res/layout-v17/notification_template_part_chronometer.xml
[DEBUG]  Deflating res/layout-v17/notification_template_part_time.xml
[DEBUG]  Deflating res/layout-v21/abc_screen_toolbar.xml
[DEBUG]  Deflating res/layout-v21/titanium_ui_date_picker_spinner.xml
[DEBUG]  Deflating res/layout-v21/titanium_ui_time_picker_spinner.xml
[DEBUG]  Deflating res/layout/abc_action_bar_title_item.xml
[DEBUG]  Deflating res/layout/abc_action_bar_up_container.xml
[DEBUG]  Deflating res/layout/abc_action_bar_view_list_nav_layout.xml
[DEBUG]  Deflating res/layout/abc_action_menu_item_layout.xml
[DEBUG]  Deflating res/layout/abc_action_menu_layout.xml
[DEBUG]  Deflating res/layout/abc_action_mode_bar.xml
[DEBUG]  Deflating res/layout/abc_action_mode_close_item_material.xml
[DEBUG]  Deflating res/layout/abc_activity_chooser_view.xml
[DEBUG]  Deflating res/layout/abc_activity_chooser_view_list_item.xml
[DEBUG]  Deflating res/layout/abc_alert_dialog_material.xml
[DEBUG]  Deflating res/layout/abc_dialog_title_material.xml
[DEBUG]  Deflating res/layout/abc_expanded_menu_layout.xml
[DEBUG]  Deflating res/layout/abc_list_menu_item_checkbox.xml
[DEBUG]  Deflating res/layout/abc_list_menu_item_icon.xml
[DEBUG]  Deflating res/layout/abc_list_menu_item_layout.xml
[DEBUG]  Deflating res/layout/abc_list_menu_item_radio.xml
[DEBUG]  Deflating res/layout/abc_popup_menu_item_layout.xml
[DEBUG]  Deflating res/layout/abc_screen_content_include.xml
[DEBUG]  Deflating res/layout/abc_screen_simple.xml
[DEBUG]  Deflating res/layout/abc_screen_simple_overlay_action_mode.xml
[DEBUG]  Deflating res/layout/abc_screen_toolbar.xml
[DEBUG]  Deflating res/layout/abc_search_dropdown_item_icons_2line.xml
[DEBUG]  Deflating res/layout/abc_search_view.xml
[DEBUG]  Deflating res/layout/abc_select_dialog_material.xml
[DEBUG]  Deflating res/layout/notification_media_action.xml
[DEBUG]  Deflating res/layout/notification_media_cancel_action.xml
[DEBUG]  Deflating res/layout/notification_template_big_media.xml
[DEBUG]  Deflating res/layout/notification_template_big_media_narrow.xml
[DEBUG]  Deflating res/layout/notification_template_lines.xml
[DEBUG]  Deflating res/layout/notification_template_media.xml
[DEBUG]  Deflating res/layout/notification_template_part_chronometer.xml
[DEBUG]  Deflating res/layout/notification_template_part_time.xml
[DEBUG]  Deflating res/layout/select_dialog_item_material.xml
[DEBUG]  Deflating res/layout/select_dialog_multichoice_material.xml
[DEBUG]  Deflating res/layout/select_dialog_singlechoice_material.xml
[DEBUG]  Deflating res/layout/support_simple_spinner_dropdown_item.xml
[DEBUG]  Deflating res/layout/titanium_tabgroup.xml
[DEBUG]  Deflating res/layout/titanium_ui_checkbox.xml
[DEBUG]  Deflating res/layout/titanium_ui_date_picker_spinner.xml
[DEBUG]  Deflating res/layout/titanium_ui_edittext.xml
[DEBUG]  Deflating res/layout/titanium_ui_list_header_or_footer.xml
[DEBUG]  Deflating res/layout/titanium_ui_list_item.xml
[DEBUG]  Deflating res/layout/titanium_ui_spinner.xml
[DEBUG]  Deflating res/layout/titanium_ui_switchcompat.xml
[DEBUG]  Deflating res/layout/titanium_ui_time_picker_spinner.xml
[DEBUG]  Deflating resources.arsc
[DEBUG]  Processing /Users/sequestermckinney/Library/Application Support/Titanium/mobilesdk/osx/5.2.0.GA/android/kroll-v8.jar
[DEBUG]  Processing /Users/sequestermckinney/Library/Application Support/Titanium/mobilesdk/osx/5.2.0.GA/android/modules/titanium-analytics.jar
[DEBUG]  Processing /Users/sequestermckinney/Library/Application Support/Titanium/mobilesdk/osx/5.2.0.GA/android/aps-analytics.jar
[DEBUG]  Processing /Users/sequestermckinney/Library/Application Support/Titanium/mobilesdk/osx/5.2.0.GA/android/modules/titanium-android.jar
[DEBUG]  Processing /Users/sequestermckinney/Library/Application Support/Titanium/mobilesdk/osx/5.2.0.GA/android/jaxen-1.1.1.jar
[DEBUG]  Processing /Users/sequestermckinney/Library/Application Support/Titanium/mobilesdk/osx/5.2.0.GA/android/ti-commons-codec-1.3.jar
[DEBUG]  Processing /Users/sequestermckinney/Library/Application Support/Titanium/mobilesdk/osx/5.2.0.GA/android/kroll-common.jar
[DEBUG]  Processing /Users/sequestermckinney/Library/Application Support/Titanium/mobilesdk/osx/5.2.0.GA/android/titanium.jar
[DEBUG]  Deflating org/appcelerator/titanium/build.properties
[DEBUG]  Adding org/appcelerator/titanium/res/drawable/background.png
[DEBUG]  Adding org/appcelerator/titanium/res/drawable/btn_check_buttonless_on.png
[DEBUG]  Adding org/appcelerator/titanium/res/drawable/btn_check_buttonless_on_100.png
[DEBUG]  Adding org/appcelerator/titanium/res/drawable/btn_check_buttonless_on_18.png
[DEBUG]  Adding org/appcelerator/titanium/res/drawable/btn_check_buttonless_on_48.png
[DEBUG]  Adding org/appcelerator/titanium/res/drawable/btn_check_buttonless_on_64.png
[DEBUG]  Adding org/appcelerator/titanium/res/drawable/btn_more.png
[DEBUG]  Adding org/appcelerator/titanium/res/drawable/btn_more_100.png
[DEBUG]  Adding org/appcelerator/titanium/res/drawable/btn_more_18.png
[DEBUG]  Adding org/appcelerator/titanium/res/drawable/btn_more_48.png
[DEBUG]  Adding org/appcelerator/titanium/res/drawable/btn_more_64.png
[DEBUG]  Adding org/appcelerator/titanium/res/drawable/btn_picker_normal.9.png
[DEBUG]  Adding org/appcelerator/titanium/res/drawable/btn_picker_pressed.9.png
[DEBUG]  Adding org/appcelerator/titanium/res/drawable/btn_picker_selected.9.png
[DEBUG]  Adding org/appcelerator/titanium/res/drawable/default_icon.png
[DEBUG]  Adding org/appcelerator/titanium/res/drawable/photoDefault.png
[DEBUG]  Processing /Users/sequestermckinney/Library/Application Support/Titanium/mobilesdk/osx/5.2.0.GA/android/modules/titanium-app.jar
[DEBUG]  Processing /Users/sequestermckinney/Library/Application Support/Titanium/mobilesdk/osx/5.2.0.GA/android/modules/titanium-ui.jar
[DEBUG]  Deflating ti/modules/titanium/ui/widget/webview/binding.js
[DEBUG]  Deflating ti/modules/titanium/ui/widget/webview/binding.min.js
[DEBUG]  Deflating ti/modules/titanium/ui/widget/webview/json2.js
[DEBUG]  Deflating ti/modules/titanium/ui/widget/webview/polling.js
[DEBUG]  Deflating ti/modules/titanium/ui/widget/webview/polling.min.js
[DEBUG]  Processing /Users/sequestermckinney/Library/Application Support/Titanium/mobilesdk/osx/5.2.0.GA/android/nineoldandroids-appc-2.4.0.jar
[DEBUG]  Processing /Users/sequestermckinney/Library/Application Support/Titanium/mobilesdk/osx/5.2.0.GA/android/modules/titanium-filesystem.jar
[DEBUG]  Processing /Users/sequestermckinney/Library/Application Support/Titanium/mobilesdk/osx/5.2.0.GA/android/modules/titanium-media.jar
[DEBUG]  Processing /Users/sequestermckinney/Library/Application Support/Titanium/mobilesdk/osx/5.2.0.GA/android/modules/titanium-appcompat.jar
[DEBUG]  Processing /Users/sequestermckinney/Library/Application Support/Titanium/mobilesdk/osx/5.2.0.GA/android/android-support-v4.jar
[DEBUG]  Processing /Users/sequestermckinney/Library/Application Support/Titanium/mobilesdk/osx/5.2.0.GA/android/android-support-v7-appcompat.jar
[DEBUG]  Processing /Users/sequestermckinney/Library/Application Support/Titanium/mobilesdk/osx/5.2.0.GA/android/modules/titanium-cardview.jar
[DEBUG]  Processing /Users/sequestermckinney/Library/Application Support/Titanium/mobilesdk/osx/5.2.0.GA/android/cardview-v7-23.0.1.jar
[DEBUG]  Processing /Users/sequestermckinney/Library/Application Support/Titanium/mobilesdk/osx/5.2.0.GA/android/modules/titanium-locale.jar
[DEBUG]  Processing /Users/sequestermckinney/Library/Application Support/Titanium/mobilesdk/osx/5.2.0.GA/android/modules/titanium-network.jar
[DEBUG]  Processing /Users/sequestermckinney/Library/Application Support/Titanium/mobilesdk/osx/5.2.0.GA/android/modules/titanium-xml.jar
[DEBUG]  Processing /Users/sequestermckinney/Library/Application Support/Titanium/mobilesdk/osx/5.2.0.GA/android/modules/titanium-utils.jar
[DEBUG]  Processing /Users/sequestermckinney/Library/Application Support/Titanium/mobilesdk/osx/5.2.0.GA/android/modules/titanium-geolocation.jar
[DEBUG]  Processing /Users/sequestermckinney/Library/Application Support/Titanium/mobilesdk/osx/5.2.0.GA/android/modules/titanium-accelerometer.jar
[DEBUG]  Processing /Users/sequestermckinney/Library/Application Support/Titanium/mobilesdk/osx/5.2.0.GA/android/modules/titanium-contacts.jar
[DEBUG]  Processing /Users/sequestermckinney/Library/Application Support/Titanium/mobilesdk/osx/5.2.0.GA/android/modules/titanium-map.jar
[DEBUG]  Processing /Users/sequestermckinney/Library/Application Support/Titanium/mobilesdk/osx/5.2.0.GA/android/modules/titanium-gesture.jar
[DEBUG]  Processing /Users/sequestermckinney/Library/Application Support/Titanium/mobilesdk/osx/5.2.0.GA/android/modules/titanium-calendar.jar
[DEBUG]  Processing /Users/sequestermckinney/Library/Application Support/Titanium/mobilesdk/osx/5.2.0.GA/android/modules/titanium-platform.jar
[DEBUG]  Processing /Users/sequestermckinney/Library/Application Support/Titanium/mobilesdk/osx/5.2.0.GA/android/modules/titanium-database.jar
[DEBUG]  Adding classes.dex
[INFO]   Processing /Users/sequestermckinney/Desktop/Class-Repos/AVF/weatherappweek2/build/android/src
[DEBUG]  Adding lib/armeabi/libkroll-v8.so
[DEBUG]  Adding lib/armeabi/libstlport_shared.so
[DEBUG]  Adding lib/armeabi/libtiverify.so
[DEBUG]  Adding lib/armeabi-v7a/libkroll-v8.so
[DEBUG]  Adding lib/armeabi-v7a/libstlport_shared.so
[DEBUG]  Adding lib/armeabi-v7a/libtiverify.so
[DEBUG]  Adding lib/x86/libkroll-v8.so
[DEBUG]  Adding lib/x86/libstlport_shared.so
[DEBUG]  Adding lib/x86/libtiverify.so
[INFO]   Writing unsigned apk: /Users/sequestermckinney/Desktop/Class-Repos/AVF/weatherappweek2/build/android/bin/app-unsigned.apk
[INFO]   Using MD5withRSA signature algorithm
[INFO]   Signing apk: /Library/Java/JavaVirtualMachines/jdk1.7.0_80.jdk/Contents/Home/bin/jarsigner "-sigalg" "MD5withRSA" "-digestalg" "SHA1" "-keystore" "/Users/sequestermckinney/Library/Application Support/Titanium/mobilesdk/osx/5.2.0.GA/android/dev_keystore" "-storepass" "*******" "-signedjar" "/Users/sequestermckinney/Desktop/Class-Repos/AVF/weatherappweek2/build/android/bin/weatherappweek2.apk" "/Users/sequestermckinney/Desktop/Class-Repos/AVF/weatherappweek2/build/android/bin/app-unsigned.apk" "tidev"
[INFO]   Aligning zip file: /Users/sequestermckinney/Library/android-sdk-macosx/build-tools/23.0.1/zipalign "-v" "4" "/Users/sequestermckinney/Desktop/Class-Repos/AVF/weatherappweek2/build/android/bin/weatherappweek2.apk" "/Users/sequestermckinney/Desktop/Class-Repos/AVF/weatherappweek2/build/android/bin/weatherappweek2.apkz"
[INFO]   Writing build manifest: /Users/sequestermckinney/Desktop/Class-Repos/AVF/weatherappweek2/build/android/build-manifest.json
[INFO]   Making sure the adb server is running
[INFO]   Installing apk: /Users/sequestermckinney/Desktop/Class-Repos/AVF/weatherappweek2/build/android/bin/weatherappweek2.apk
[TRACE]  Checking if package manager service is started
[TRACE]  Package manager has started
[TRACE]  Executing: /Users/sequestermckinney/Library/android-sdk-macosx/platform-tools/adb -s 192.168.56.101:5555 install -r /Users/sequestermckinney/Desktop/Class-Repos/AVF/weatherappweek2/build/android/bin/weatherappweek2.apk
[INFO]   App successfully installed
[INFO]   Starting app: com.studios.weatherappweek2/.Weatherappweek2Activity
[DEBUG]  Trying to start the app...
[INFO]   Application pid: 1217
[INFO]   Project built successfully in 24s 475ms
