
3/14/2016, 11:24:21 PM

Operating System
  Name                        = Mac OS X
  Version                     = 10.11.3
  Architecture                = 64bit
  # CPUs                      = 8
  Memory                      = 17179869184

Node.js
  Node.js Version             = 0.12.7
  npm Version                 = 2.11.3

Titanium CLI
  CLI Version                 = 5.0.6

Titanium SDK
  SDK Version                 = 5.2.0.GA
  SDK Path                    = /Users/sequestermckinney/Library/Application Support/Titanium/mobilesdk/osx/5.2.0.GA
  Target Platform             = iphone

Command
  /usr/local/bin/node /Users/sequestermckinney/.appcelerator/install/5.2.0/package/node_modules/titanium/lib/titanium.js build run --platform ios --log-level trace --sdk 5.2.0.GA --project-dir /Users/sequestermckinney/Desktop/Class-Repos/AVF/weatherappweek1 --target simulator --ios-version 9.2 --device-family universal --deploy-type development --sim-type ipad --sim-version 9.0 --device-id B9A2FABA-EC2E-4162-BCFF-F4E528347DD5 --skip-js-minify --no-colors --no-progress-bars --no-prompt --prompt-type socket-bundle --prompt-port 49516 --config-file /var/folders/zc/l695h7fx1q11pz4v2tgdbvxr0000gn/T/build-1458012256894.json --no-banner --project-dir /Users/sequestermckinney/Desktop/Class-Repos/AVF/weatherappweek1

[TRACE]  [ioslib] Validating iOS Simulator UDID B9A2FABA-EC2E-4162-BCFF-F4E528347DD5
[TRACE]  [ioslib] Found iOS Simulator UDID B9A2FABA-EC2E-4162-BCFF-F4E528347DD5
[TRACE]  [ioslib] Selected iOS Simulator: iPad 2
[TRACE]  [ioslib]   UDID    = B9A2FABA-EC2E-4162-BCFF-F4E528347DD5
[TRACE]  [ioslib]   iOS     = 9.0
[TRACE]  [ioslib] Autoselected Xcode: 7.2.1
[DEBUG]  Detecting modules in /Users/sequestermckinney/Library/Application Support/Titanium/modules
[DEBUG]  Detected android module: com.appcelerator.apm 1.1.1 @ /Users/sequestermckinney/Library/Application Support/Titanium/modules/android/com.appcelerator.apm/1.1.1
[DEBUG]  Detected android module: com.appcelerator.apm 1.1.5 @ /Users/sequestermckinney/Library/Application Support/Titanium/modules/android/com.appcelerator.apm/1.1.5
[DEBUG]  Detected android module: facebook 3.0.3 @ /Users/sequestermckinney/Library/Application Support/Titanium/modules/android/facebook/3.0.3
[DEBUG]  Detected android module: facebook 4.0.3 @ /Users/sequestermckinney/Library/Application Support/Titanium/modules/android/facebook/4.0.3
[DEBUG]  Detected android module: facebook 4.0.5 @ /Users/sequestermckinney/Library/Application Support/Titanium/modules/android/facebook/4.0.5
[DEBUG]  Detected android module: facebook 5.0.0 @ /Users/sequestermckinney/Library/Application Support/Titanium/modules/android/facebook/5.0.0
[DEBUG]  Detected android module: ti.cloudpush 3.3.7 @ /Users/sequestermckinney/Library/Application Support/Titanium/modules/android/ti.cloudpush/3.3.7
[DEBUG]  Detected android module: ti.cloudpush 3.3.8 @ /Users/sequestermckinney/Library/Application Support/Titanium/modules/android/ti.cloudpush/3.3.8
[DEBUG]  Detected android module: ti.cloudpush 3.4.0 @ /Users/sequestermckinney/Library/Application Support/Titanium/modules/android/ti.cloudpush/3.4.0
[DEBUG]  Detected android module: ti.cloudpush 3.4.1 @ /Users/sequestermckinney/Library/Application Support/Titanium/modules/android/ti.cloudpush/3.4.1
[DEBUG]  Detected android module: ti.map 2.2.3 @ /Users/sequestermckinney/Library/Application Support/Titanium/modules/android/ti.map/2.2.3
[DEBUG]  Detected android module: ti.map 2.3.0 @ /Users/sequestermckinney/Library/Application Support/Titanium/modules/android/ti.map/2.3.0
[DEBUG]  Detected android module: ti.map 2.3.3 @ /Users/sequestermckinney/Library/Application Support/Titanium/modules/android/ti.map/2.3.3
[DEBUG]  Detected android module: ti.map 2.3.4 @ /Users/sequestermckinney/Library/Application Support/Titanium/modules/android/ti.map/2.3.4
[DEBUG]  Detected android module: ti.map 2.3.6 @ /Users/sequestermckinney/Library/Application Support/Titanium/modules/android/ti.map/2.3.6
[DEBUG]  Detected commonjs module: ti.cloud 3.2.10 @ /Users/sequestermckinney/Library/Application Support/Titanium/modules/commonjs/ti.cloud/3.2.10
[DEBUG]  Detected commonjs module: ti.cloud 3.2.7 @ /Users/sequestermckinney/Library/Application Support/Titanium/modules/commonjs/ti.cloud/3.2.7
[DEBUG]  Detected commonjs module: ti.cloud 3.2.8 @ /Users/sequestermckinney/Library/Application Support/Titanium/modules/commonjs/ti.cloud/3.2.8
[DEBUG]  Detected commonjs module: ti.cloud 3.2.9 @ /Users/sequestermckinney/Library/Application Support/Titanium/modules/commonjs/ti.cloud/3.2.9
[DEBUG]  Detected iphone module: com.appcelerator.apm 1.1.1 @ /Users/sequestermckinney/Library/Application Support/Titanium/modules/iphone/com.appcelerator.apm/1.1.1
[DEBUG]  Detected iphone module: com.appcelerator.apm 1.1.5 @ /Users/sequestermckinney/Library/Application Support/Titanium/modules/iphone/com.appcelerator.apm/1.1.5
[DEBUG]  Detected iphone module: com.appcelerator.urlSession 1.1.0 @ /Users/sequestermckinney/Library/Application Support/Titanium/modules/iphone/com.appcelerator.urlSession/1.1.0
[DEBUG]  Detected iphone module: com.appcelerator.urlSession 1.1.1 @ /Users/sequestermckinney/Library/Application Support/Titanium/modules/iphone/com.appcelerator.urlSession/1.1.1
[DEBUG]  Detected iphone module: com.appcelerator.urlSession 2.0.0 @ /Users/sequestermckinney/Library/Application Support/Titanium/modules/iphone/com.appcelerator.urlSession/2.0.0
[DEBUG]  Detected iphone module: facebook 3.2.0 @ /Users/sequestermckinney/Library/Application Support/Titanium/modules/iphone/facebook/3.2.0
[DEBUG]  Detected iphone module: facebook 4.0.3 @ /Users/sequestermckinney/Library/Application Support/Titanium/modules/iphone/facebook/4.0.3
[DEBUG]  Detected iphone module: facebook 4.0.5 @ /Users/sequestermckinney/Library/Application Support/Titanium/modules/iphone/facebook/4.0.5
[DEBUG]  Detected iphone module: facebook 5.0.1 @ /Users/sequestermckinney/Library/Application Support/Titanium/modules/iphone/facebook/5.0.1
[DEBUG]  Detected iphone module: ti.coremotion 1.1.0 @ /Users/sequestermckinney/Library/Application Support/Titanium/modules/iphone/ti.coremotion/1.1.0
[DEBUG]  Detected iphone module: ti.coremotion 2.0.0 @ /Users/sequestermckinney/Library/Application Support/Titanium/modules/iphone/ti.coremotion/2.0.0
[DEBUG]  Detected iphone module: ti.map 2.2.0 @ /Users/sequestermckinney/Library/Application Support/Titanium/modules/iphone/ti.map/2.2.0
[DEBUG]  Detected iphone module: ti.map 2.2.2 @ /Users/sequestermckinney/Library/Application Support/Titanium/modules/iphone/ti.map/2.2.2
[DEBUG]  Detected iphone module: ti.map 2.4.1 @ /Users/sequestermckinney/Library/Application Support/Titanium/modules/iphone/ti.map/2.4.1
[DEBUG]  Detected iphone module: ti.map 2.5.2 @ /Users/sequestermckinney/Library/Application Support/Titanium/modules/iphone/ti.map/2.5.2
[DEBUG]  Detected iphone module: ti.safaridialog 1.0.2 @ /Users/sequestermckinney/Library/Application Support/Titanium/modules/iphone/ti.safaridialog/1.0.2
[DEBUG]  Detected iphone module: ti.safaridialog 1.0.3 @ /Users/sequestermckinney/Library/Application Support/Titanium/modules/iphone/ti.safaridialog/1.0.3
[DEBUG]  Detected iphone module: ti.safaridialog 1.0.5 @ /Users/sequestermckinney/Library/Application Support/Titanium/modules/iphone/ti.safaridialog/1.0.5
[DEBUG]  Detected iphone module: ti.touchid 1.1.0 @ /Users/sequestermckinney/Library/Application Support/Titanium/modules/iphone/ti.touchid/1.1.0
[DEBUG]  Detected iphone module: ti.touchid 1.2.0 @ /Users/sequestermckinney/Library/Application Support/Titanium/modules/iphone/ti.touchid/1.2.0
[DEBUG]  Looking for Titanium module id=ti.cloud version=latest platform=commonjs deploy-type=development
[INFO]   Found Titanium module id=ti.cloud version=3.2.9 platform=commonjs deploy-type=development path=/Users/sequestermckinney/Library/Application Support/Titanium/modules/commonjs/ti.cloud/3.2.9
[INFO]   Found better matching module id=ti.cloud version=latest platform=commonjs deploy-type=development path=/Users/sequestermckinney/Library/Application Support/Titanium/modules/commonjs/ti.cloud/3.2.10
[DEBUG]  No project level plugins to load
[TRACE]  Snapshotting build directory
[DEBUG]  Titanium SDK iOS directory: /Users/sequestermckinney/Library/Application Support/Titanium/mobilesdk/osx/5.2.0.GA/iphone
[INFO]   Deploy type: development
[INFO]   Building for target: simulator
[INFO]   Building using iOS SDK: 9.2
[INFO]   Building for iOS Simulator: iPad 2
[DEBUG]  UDID: B9A2FABA-EC2E-4162-BCFF-F4E528347DD5
[DEBUG]  Simulator type: ipad
[DEBUG]  Simulator version: 9.0
[INFO]   Building for device family: universal
[DEBUG]  Setting Xcode target to Debug
[DEBUG]  Setting Xcode build OS to iphonesimulator
[DEBUG]  Xcode installation: /Applications/Xcode.app/Contents/Developer
[DEBUG]  iOS WWDR certificate: installed
[INFO]   Minimum iOS version: 7.1
[INFO]   Debugging disabled
[INFO]   Profiler disabled
[INFO]   Set to copy files instead of symlinking
[INFO]   Initializing the build directory
[TRACE]  offline build file /var/folders/zc/l695h7fx1q11pz4v2tgdbvxr0000gn/T/build-936f0582ef78cbefec64168c8ae2c3cbd364f295.json
[TRACE]  online 1
[TRACE]  optimizing build, last build was 10553.906 sec ago
[INFO]   Creating Xcode project
[TRACE]  Removing pre-compile phase
[TRACE]  No native module libraries to add
[TRACE]  No extensions to add
[TRACE]  No change, skipping /Users/sequestermckinney/Desktop/Class-Repos/AVF/weatherappweek1/build/iphone/weatherappweek1.xcodeproj/project.pbxproj
[INFO]   Creating Entitlements.plist
[TRACE]  No change, skipping /Users/sequestermckinney/Desktop/Class-Repos/AVF/weatherappweek1/build/iphone/weatherappweek1.entitlements
[INFO]   Creating Info.plist
[INFO]   Disabling ATS
[TRACE]  No change, skipping /Users/sequestermckinney/Desktop/Class-Repos/AVF/weatherappweek1/build/iphone/Info.plist
[INFO]   Creating main.m
[TRACE]  No change, skipping /Users/sequestermckinney/Desktop/Class-Repos/AVF/weatherappweek1/build/iphone/main.m
[INFO]   Creating Xcode config files
[TRACE]  No change, skipping /Users/sequestermckinney/Desktop/Class-Repos/AVF/weatherappweek1/build/iphone/project.xcconfig
[TRACE]  No change, skipping /Users/sequestermckinney/Desktop/Class-Repos/AVF/weatherappweek1/build/iphone/module.xcconfig
[INFO]   Copying Titanium libraries
[TRACE]  No change, skipping /Users/sequestermckinney/Desktop/Class-Repos/AVF/weatherappweek1/build/iphone/lib/libTiCore.a
[TRACE]  No change, skipping /Users/sequestermckinney/Desktop/Class-Repos/AVF/weatherappweek1/build/iphone/lib/libtiverify.a
[TRACE]  No change, skipping /Users/sequestermckinney/Desktop/Class-Repos/AVF/weatherappweek1/build/iphone/lib/libti_ios_debugger.a
[TRACE]  No change, skipping /Users/sequestermckinney/Desktop/Class-Repos/AVF/weatherappweek1/build/iphone/lib/libti_ios_profiler.a
[INFO]   Copying Titanium iOS files
[TRACE]  Skipping Classes/ApplicationRouting.m, it'll be processed later
[TRACE]  No change, skipping /Users/sequestermckinney/Desktop/Class-Repos/AVF/weatherappweek1/build/iphone/weatherappweek1_Prefix.pch
[TRACE]  No change, skipping /Users/sequestermckinney/Desktop/Class-Repos/AVF/weatherappweek1/build/iphone/weatherappweek1.xcodeproj/xcshareddata/xcschemes/weatherappweek1.xcscheme
[INFO]   Installing default LaunchScreen.storyboard
[TRACE]  No change, skipping /Users/sequestermckinney/Desktop/Class-Repos/AVF/weatherappweek1/build/iphone/LaunchScreen.storyboard
[INFO]   Creating debugger and profiler plists
[DEBUG]  Skipping /Users/sequestermckinney/Desktop/Class-Repos/AVF/weatherappweek1/build/iphone/build/Products/Debug-iphonesimulator/weatherappweek1.app/debugger.plist
[DEBUG]  Skipping /Users/sequestermckinney/Desktop/Class-Repos/AVF/weatherappweek1/build/iphone/build/Products/Debug-iphonesimulator/weatherappweek1.app/profiler.plist
[INFO]   Analyzing Resources directory
[INFO]   Analyzing platform files
[INFO]   Analyzing module files
[INFO]   Analyzing localized launch images
[INFO]   Analyzing CommonJS modules
[INFO]   Creating asset catalog
[TRACE]  No change, skipping /Users/sequestermckinney/Desktop/Class-Repos/AVF/weatherappweek1/build/iphone/Assets.xcassets/Contents.json
[INFO]   Creating app icon set
[TRACE]  Found generated 29x29 app icon: /Users/sequestermckinney/Desktop/Class-Repos/AVF/weatherappweek1/build/iphone/Assets.xcassets/AppIcon.appiconset/appicon-Small.png
[TRACE]  Found generated 58x58 app icon: /Users/sequestermckinney/Desktop/Class-Repos/AVF/weatherappweek1/build/iphone/Assets.xcassets/AppIcon.appiconset/appicon-Small@2x.png
[TRACE]  Found generated 87x87 app icon: /Users/sequestermckinney/Desktop/Class-Repos/AVF/weatherappweek1/build/iphone/Assets.xcassets/AppIcon.appiconset/appicon-Small@3x.png
[TRACE]  Found generated 40x40 app icon: /Users/sequestermckinney/Desktop/Class-Repos/AVF/weatherappweek1/build/iphone/Assets.xcassets/AppIcon.appiconset/appicon-Small-40.png
[TRACE]  Found generated 80x80 app icon: /Users/sequestermckinney/Desktop/Class-Repos/AVF/weatherappweek1/build/iphone/Assets.xcassets/AppIcon.appiconset/appicon-Small-40@2x.png
[TRACE]  Found generated 120x120 app icon: /Users/sequestermckinney/Desktop/Class-Repos/AVF/weatherappweek1/build/iphone/Assets.xcassets/AppIcon.appiconset/appicon-Small-40@3x.png
[TRACE]  Found generated 120x120 app icon: /Users/sequestermckinney/Desktop/Class-Repos/AVF/weatherappweek1/build/iphone/Assets.xcassets/AppIcon.appiconset/appicon-60@2x.png
[TRACE]  Found generated 180x180 app icon: /Users/sequestermckinney/Desktop/Class-Repos/AVF/weatherappweek1/build/iphone/Assets.xcassets/AppIcon.appiconset/appicon-60@3x.png
[TRACE]  Found generated 76x76 app icon: /Users/sequestermckinney/Desktop/Class-Repos/AVF/weatherappweek1/build/iphone/Assets.xcassets/AppIcon.appiconset/appicon-76.png
[TRACE]  Found generated 152x152 app icon: /Users/sequestermckinney/Desktop/Class-Repos/AVF/weatherappweek1/build/iphone/Assets.xcassets/AppIcon.appiconset/appicon-76@2x.png
[TRACE]  Found generated 167x167 app icon: /Users/sequestermckinney/Desktop/Class-Repos/AVF/weatherappweek1/build/iphone/Assets.xcassets/AppIcon.appiconset/appicon-83.5@2x.png
[TRACE]  No change, skipping /Users/sequestermckinney/Desktop/Class-Repos/AVF/weatherappweek1/build/iphone/Assets.xcassets/AppIcon.appiconset/Contents.json
[INFO]   Creating launch logo image set
[TRACE]  Found generated 320x320 launch logo: /Users/sequestermckinney/Desktop/Class-Repos/AVF/weatherappweek1/build/iphone/Assets.xcassets/LaunchLogo.imageset/LaunchLogo~iphone.png
[TRACE]  Found generated 374x374 launch logo: /Users/sequestermckinney/Desktop/Class-Repos/AVF/weatherappweek1/build/iphone/Assets.xcassets/LaunchLogo.imageset/LaunchLogo@2x~iphone.png
[TRACE]  Found generated 621x621 launch logo: /Users/sequestermckinney/Desktop/Class-Repos/AVF/weatherappweek1/build/iphone/Assets.xcassets/LaunchLogo.imageset/LaunchLogo@3x~iphone.png
[TRACE]  Found generated 384x384 launch logo: /Users/sequestermckinney/Desktop/Class-Repos/AVF/weatherappweek1/build/iphone/Assets.xcassets/LaunchLogo.imageset/LaunchLogo~ipad.png
[TRACE]  Found generated 1024x1024 launch logo: /Users/sequestermckinney/Desktop/Class-Repos/AVF/weatherappweek1/build/iphone/Assets.xcassets/LaunchLogo.imageset/LaunchLogo@2x~ipad.png
[TRACE]  No change, skipping /Users/sequestermckinney/Desktop/Class-Repos/AVF/weatherappweek1/build/iphone/Assets.xcassets/LaunchLogo.imageset/Contents.json
[INFO]   Creating launch image set
[DEBUG]  Unsupported launch image Resources/iphone/Default.png, skipping
[TRACE]  No change, skipping /Users/sequestermckinney/Desktop/Class-Repos/AVF/weatherappweek1/build/iphone/Assets.xcassets/LaunchImage.launchimage/Contents.json
[INFO]   App thinning disabled, skipping asset image sets
[DEBUG]  Copying resources
[TRACE]  No change, skipping /Users/sequestermckinney/Desktop/Class-Repos/AVF/weatherappweek1/build/iphone/build/Products/Debug-iphonesimulator/weatherappweek1.app/KS_nav_ui.png
[DEBUG]  Overwriting /Users/sequestermckinney/Desktop/Class-Repos/AVF/weatherappweek1/Resources/KS_nav_ui.png => /Users/sequestermckinney/Desktop/Class-Repos/AVF/weatherappweek1/build/iphone/build/Products/Debug-iphonesimulator/weatherappweek1.app/KS_nav_ui.png
[TRACE]  No change, skipping /Users/sequestermckinney/Desktop/Class-Repos/AVF/weatherappweek1/build/iphone/build/Products/Debug-iphonesimulator/weatherappweek1.app/KS_nav_views.png
[DEBUG]  Overwriting /Users/sequestermckinney/Desktop/Class-Repos/AVF/weatherappweek1/Resources/KS_nav_views.png => /Users/sequestermckinney/Desktop/Class-Repos/AVF/weatherappweek1/build/iphone/build/Products/Debug-iphonesimulator/weatherappweek1.app/KS_nav_views.png
[TRACE]  No change, skipping /Users/sequestermckinney/Desktop/Class-Repos/AVF/weatherappweek1/build/iphone/Assets.xcassets/LaunchImage.launchimage/Default-568h@2x.png
[DEBUG]  Overwriting /Users/sequestermckinney/Desktop/Class-Repos/AVF/weatherappweek1/Resources/iphone/Default-568h@2x.png => /Users/sequestermckinney/Desktop/Class-Repos/AVF/weatherappweek1/build/iphone/Assets.xcassets/LaunchImage.launchimage/Default-568h@2x.png
[TRACE]  No change, skipping /Users/sequestermckinney/Desktop/Class-Repos/AVF/weatherappweek1/build/iphone/Assets.xcassets/LaunchImage.launchimage/Default-667h@2x.png
[DEBUG]  Overwriting /Users/sequestermckinney/Desktop/Class-Repos/AVF/weatherappweek1/Resources/iphone/Default-667h@2x.png => /Users/sequestermckinney/Desktop/Class-Repos/AVF/weatherappweek1/build/iphone/Assets.xcassets/LaunchImage.launchimage/Default-667h@2x.png
[TRACE]  No change, skipping /Users/sequestermckinney/Desktop/Class-Repos/AVF/weatherappweek1/build/iphone/Assets.xcassets/LaunchImage.launchimage/Default-Landscape-736h@3x.png
[DEBUG]  Overwriting /Users/sequestermckinney/Desktop/Class-Repos/AVF/weatherappweek1/Resources/iphone/Default-Landscape-736h@3x.png => /Users/sequestermckinney/Desktop/Class-Repos/AVF/weatherappweek1/build/iphone/Assets.xcassets/LaunchImage.launchimage/Default-Landscape-736h@3x.png
[TRACE]  No change, skipping /Users/sequestermckinney/Desktop/Class-Repos/AVF/weatherappweek1/build/iphone/Assets.xcassets/LaunchImage.launchimage/Default-Landscape.png
[DEBUG]  Overwriting /Users/sequestermckinney/Desktop/Class-Repos/AVF/weatherappweek1/Resources/iphone/Default-Landscape.png => /Users/sequestermckinney/Desktop/Class-Repos/AVF/weatherappweek1/build/iphone/Assets.xcassets/LaunchImage.launchimage/Default-Landscape.png
[TRACE]  No change, skipping /Users/sequestermckinney/Desktop/Class-Repos/AVF/weatherappweek1/build/iphone/Assets.xcassets/LaunchImage.launchimage/Default-Landscape@2x.png
[DEBUG]  Overwriting /Users/sequestermckinney/Desktop/Class-Repos/AVF/weatherappweek1/Resources/iphone/Default-Landscape@2x.png => /Users/sequestermckinney/Desktop/Class-Repos/AVF/weatherappweek1/build/iphone/Assets.xcassets/LaunchImage.launchimage/Default-Landscape@2x.png
[TRACE]  No change, skipping /Users/sequestermckinney/Desktop/Class-Repos/AVF/weatherappweek1/build/iphone/Assets.xcassets/LaunchImage.launchimage/Default-Portrait-736h@3x.png
[DEBUG]  Overwriting /Users/sequestermckinney/Desktop/Class-Repos/AVF/weatherappweek1/Resources/iphone/Default-Portrait-736h@3x.png => /Users/sequestermckinney/Desktop/Class-Repos/AVF/weatherappweek1/build/iphone/Assets.xcassets/LaunchImage.launchimage/Default-Portrait-736h@3x.png
[TRACE]  No change, skipping /Users/sequestermckinney/Desktop/Class-Repos/AVF/weatherappweek1/build/iphone/Assets.xcassets/LaunchImage.launchimage/Default-Portrait.png
[DEBUG]  Overwriting /Users/sequestermckinney/Desktop/Class-Repos/AVF/weatherappweek1/Resources/iphone/Default-Portrait.png => /Users/sequestermckinney/Desktop/Class-Repos/AVF/weatherappweek1/build/iphone/Assets.xcassets/LaunchImage.launchimage/Default-Portrait.png
[TRACE]  No change, skipping /Users/sequestermckinney/Desktop/Class-Repos/AVF/weatherappweek1/build/iphone/Assets.xcassets/LaunchImage.launchimage/Default-Portrait@2x.png
[DEBUG]  Overwriting /Users/sequestermckinney/Desktop/Class-Repos/AVF/weatherappweek1/Resources/iphone/Default-Portrait@2x.png => /Users/sequestermckinney/Desktop/Class-Repos/AVF/weatherappweek1/build/iphone/Assets.xcassets/LaunchImage.launchimage/Default-Portrait@2x.png
[TRACE]  No change, skipping /Users/sequestermckinney/Desktop/Class-Repos/AVF/weatherappweek1/build/iphone/Assets.xcassets/LaunchImage.launchimage/Default@2x.png
[DEBUG]  Overwriting /Users/sequestermckinney/Desktop/Class-Repos/AVF/weatherappweek1/Resources/iphone/Default@2x.png => /Users/sequestermckinney/Desktop/Class-Repos/AVF/weatherappweek1/build/iphone/Assets.xcassets/LaunchImage.launchimage/Default@2x.png
[DEBUG]  Copying CSS files
[INFO]   Processing JavaScript files
[DEBUG]  Overwriting /Users/sequestermckinney/Desktop/Class-Repos/AVF/weatherappweek1/Resources/api.js => /Users/sequestermckinney/Desktop/Class-Repos/AVF/weatherappweek1/build/iphone/build/Products/Debug-iphonesimulator/weatherappweek1.app/api.js
[DEBUG]  Overwriting /Users/sequestermckinney/Desktop/Class-Repos/AVF/weatherappweek1/Resources/app.js => /Users/sequestermckinney/Desktop/Class-Repos/AVF/weatherappweek1/build/iphone/build/Products/Debug-iphonesimulator/weatherappweek1.app/app.js
[DEBUG]  Overwriting /Users/sequestermckinney/Desktop/Class-Repos/AVF/weatherappweek1/Resources/geo.js => /Users/sequestermckinney/Desktop/Class-Repos/AVF/weatherappweek1/build/iphone/build/Products/Debug-iphonesimulator/weatherappweek1.app/geo.js
[DEBUG]  Overwriting /Users/sequestermckinney/Desktop/Class-Repos/AVF/weatherappweek1/Resources/ui.js => /Users/sequestermckinney/Desktop/Class-Repos/AVF/weatherappweek1/build/iphone/build/Products/Debug-iphonesimulator/weatherappweek1.app/ui.js
[DEBUG]  Overwriting /Users/sequestermckinney/Library/Application Support/Titanium/modules/commonjs/ti.cloud/3.2.10/ti.cloud.js => /Users/sequestermckinney/Desktop/Class-Repos/AVF/weatherappweek1/build/iphone/build/Products/Debug-iphonesimulator/weatherappweek1.app/ti.cloud.js
[INFO]   Writing app properties
[TRACE]  No change, skipping /Users/sequestermckinney/Desktop/Class-Repos/AVF/weatherappweek1/build/iphone/build/Products/Debug-iphonesimulator/weatherappweek1.app/_app_props_.json
[DEBUG]  Using default application routing
[INFO]   Forcing rebuild: Classes/ApplicationRouting.m has changed since last build
[DEBUG]  Writing /Users/sequestermckinney/Desktop/Class-Repos/AVF/weatherappweek1/build/iphone/Classes/ApplicationRouting.m
[INFO]   Writing i18n files
[DEBUG]  No i18n files to process
[INFO]   Processing Titanium symbols
[DEBUG]  Processing Titanium namespace resources
[TRACE]  No change, skipping /Users/sequestermckinney/Desktop/Class-Repos/AVF/weatherappweek1/build/iphone/build/Products/Debug-iphonesimulator/weatherappweek1.app/modules/ui/images/badge.png
[TRACE]  No change, skipping /Users/sequestermckinney/Desktop/Class-Repos/AVF/weatherappweek1/build/iphone/build/Products/Debug-iphonesimulator/weatherappweek1.app/modules/ui/images/closeButton.png
[TRACE]  No change, skipping /Users/sequestermckinney/Desktop/Class-Repos/AVF/weatherappweek1/build/iphone/build/Products/Debug-iphonesimulator/weatherappweek1.app/modules/ui/images/photoDefault.png
[TRACE]  No change, skipping /Users/sequestermckinney/Desktop/Class-Repos/AVF/weatherappweek1/build/iphone/Classes/defines.h
[INFO]   Removing files
[DEBUG]  Removing /Users/sequestermckinney/Desktop/Class-Repos/AVF/weatherappweek1/build/iphone/Logs/Build/A45780BA-BE9D-4379-B85A-F48638174A97.xcactivitylog
[DEBUG]  Removing /Users/sequestermckinney/Desktop/Class-Repos/AVF/weatherappweek1/build/iphone/Logs/Build/Cache.db
[DEBUG]  Removing /Users/sequestermckinney/Desktop/Class-Repos/AVF/weatherappweek1/build/iphone/assets/_app_props__json
[DEBUG]  Removing /Users/sequestermckinney/Desktop/Class-Repos/AVF/weatherappweek1/build/iphone/assets/api_js
[DEBUG]  Removing /Users/sequestermckinney/Desktop/Class-Repos/AVF/weatherappweek1/build/iphone/assets/app_js
[DEBUG]  Removing /Users/sequestermckinney/Desktop/Class-Repos/AVF/weatherappweek1/build/iphone/assets/geo_js
[DEBUG]  Removing /Users/sequestermckinney/Desktop/Class-Repos/AVF/weatherappweek1/build/iphone/assets/ti_cloud_js
[DEBUG]  Removing /Users/sequestermckinney/Desktop/Class-Repos/AVF/weatherappweek1/build/iphone/assets/ui_js
[DEBUG]  Removing empty directories
[INFO]   Invoking xcodebuild
[DEBUG]  Invoking: DEVELOPER_DIR=/Applications/Xcode.app/Contents/Developer /Applications/Xcode.app/Contents/Developer/usr/bin/xcodebuild build -target weatherappweek1 -configuration Debug -scheme weatherappweek1 -derivedDataPath /Users/sequestermckinney/Desktop/Class-Repos/AVF/weatherappweek1/build/iphone OBJROOT=/Users/sequestermckinney/Desktop/Class-Repos/AVF/weatherappweek1/build/iphone/build/Intermediates SHARED_PRECOMPS_DIR=/Users/sequestermckinney/Desktop/Class-Repos/AVF/weatherappweek1/build/iphone/build/Intermediates/PrecompiledHeaders SYMROOT=/Users/sequestermckinney/Desktop/Class-Repos/AVF/weatherappweek1/build/iphone/build/Products -destination "platform=iOS Simulator,id=B9A2FABA-EC2E-4162-BCFF-F4E528347DD5,OS=9.0"
[TRACE]  User defaults from command line:
[TRACE]      IDEDerivedDataPathOverride = /Users/sequestermckinney/Desktop/Class-Repos/AVF/weatherappweek1/build/iphone
[TRACE]  Build settings from command line:
[TRACE]      OBJROOT = /Users/sequestermckinney/Desktop/Class-Repos/AVF/weatherappweek1/build/iphone/build/Intermediates
[TRACE]      SHARED_PRECOMPS_DIR = /Users/sequestermckinney/Desktop/Class-Repos/AVF/weatherappweek1/build/iphone/build/Intermediates/PrecompiledHeaders
[TRACE]      SYMROOT = /Users/sequestermckinney/Desktop/Class-Repos/AVF/weatherappweek1/build/iphone/build/Products
[TRACE]  
[TRACE]  === BUILD TARGET weatherappweek1 OF PROJECT weatherappweek1 WITH CONFIGURATION Debug ===
[TRACE]  Check dependencies
[TRACE]  
[TRACE]  CompileC build/Intermediates/weatherappweek1.build/Debug-iphonesimulator/weatherappweek1.build/Objects-normal/i386/ApplicationRouting.o Classes/ApplicationRouting.m normal i386 objective-c com.apple.compilers.llvm.clang.1_0.compiler
[TRACE]      cd /Users/sequestermckinney/Desktop/Class-Repos/AVF/weatherappweek1/build/iphone
[TRACE]      export LANG=en_US.US-ASCII
[TRACE]      export PATH="/Applications/Xcode.app/Contents/Developer/Platforms/iPhoneSimulator.platform/Developer/usr/bin:/Applications/Xcode.app/Contents/Developer/usr/bin:/Library/Java/JavaVirtualMachines/jdk1.7.0_80.jdk/Contents/Home/bin:/usr/local/bin:/usr/bin:/bin:/usr/sbin:/sbin:/usr/local/git/bin"
[TRACE]      /Applications/Xcode.app/Contents/Developer/Toolchains/XcodeDefault.xctoolchain/usr/bin/clang -x objective-c -arch i386 -fmessage-length=0 -fdiagnostics-show-note-include-stack -fmacro-backtrace-limit=0 -std=c99 -fmodules -gmodules -fmodules-cache-path=/Users/sequestermckinney/Desktop/Class-Repos/AVF/weatherappweek1/build/iphone/ModuleCache -fmodules-prune-interval=86400 -fmodules-prune-after=345600 -fbuild-session-file=/Users/sequestermckinney/Desktop/Class-Repos/AVF/weatherappweek1/build/iphone/ModuleCache/Session.modulevalidation -fmodules-validate-once-per-build-session -Wnon-modular-include-in-framework-module -Werror=non-modular-include-in-framework-module -Wno-trigraphs -fpascal-strings -O0 -Wno-missing-field-initializers -Wno-missing-prototypes -Wno-return-type -Wno-implicit-atomic-properties -Wno-arc-repeated-use-of-weak -Wduplicate-method-match -Wno-missing-braces -Wno-parentheses -Wswitch -Wunused-function -Wno-unused-label -Wno-unused-parameter -Wno-unused-variable -Wno-unused-value -Wempty-body -Wuninitialized -Wno-unknown-pragmas -Wno-shadow -Wno-four-char-constants -Wno-conversion -Wconstant-conversion -Wint-conversion -Wbool-conversion -Wenum-conversion -Wshorten-64-to-32 -Wpointer-sign -Wno-newline-eof -Wno-selector -Wno-strict-selector-match -Wno-undeclared-selector -Wno-deprecated-implementations -DDEPLOYTYPE=development -D__LOG__ID__=efbc41fc-e81d-47b1-9111-c806b213faa0 -DDEBUG=1 -DTI_VERSION=5.2.0 -DDEFAULT_BGCOLOR_RED=1 -DDEFAULT_BGCOLOR_GREEN=1 -DDEFAULT_BGCOLOR_BLUE=1 -DOBJC_OLD_DISPATCH_PROTOTYPES=0 -isysroot /Applications/Xcode.app/Contents/Developer/Platforms/iPhoneSimulator.platform/Developer/SDKs/iPhoneSimulator9.2.sdk -fasm-blocks -fstrict-aliasing -Wprotocol -Wdeprecated-declarations -mios-simulator-version-min=7.1 -g -fvisibility=hidden -Wno-sign-conversion -fobjc-abi-version=2 -fobjc-legacy-dispatch -iquote /Users/sequestermckinney/Desktop/Class-Repos/AVF/weatherappweek1/build/iphone/build/Intermediates/weatherappweek1.build/Debug-iphonesimulator/weatherappweek1.build/weatherappweek1-generated-files.hmap -I/Users/sequestermckinney/Desktop/Class-Repos/AVF/weatherappweek1/build/iphone/build/Intermediates/weatherappweek1.build/Debug-iphonesimulator/weatherappweek1.build/weatherappweek1-own-target-headers.hmap -I/Users/sequestermckinney/Desktop/Class-Repos/AVF/weatherappweek1/build/iphone/build/Intermediates/weatherappweek1.build/Debug-iphonesimulator/weatherappweek1.build/weatherappweek1-all-target-headers.hmap -iquote /Users/sequestermckinney/Desktop/Class-Repos/AVF/weatherappweek1/build/iphone/build/Intermediates/weatherappweek1.build/Debug-iphonesimulator/weatherappweek1.build/weatherappweek1-project-headers.hmap -I/Users/sequestermckinney/Desktop/Class-Repos/AVF/weatherappweek1/build/iphone/build/Products/Debug-iphonesimulator/include -I/Applications/Xcode.app/Contents/Developer/Platforms/iPhoneSimulator.platform/Developer/SDKs/iPhoneSimulator9.2.sdk/usr/include/libxml2 -Iheaders -I/Users/sequestermckinney/Desktop/Class-Repos/AVF/weatherappweek1/build/iphone/build/Intermediates/weatherappweek1.build/Debug-iphonesimulator/weatherappweek1.build/DerivedSources/i386 -I/Users/sequestermckinney/Desktop/Class-Repos/AVF/weatherappweek1/build/iphone/build/Intermediates/weatherappweek1.build/Debug-iphonesimulator/weatherappweek1.build/DerivedSources -F/Users/sequestermckinney/Desktop/Class-Repos/AVF/weatherappweek1/build/iphone/build/Products/Debug-iphonesimulator -DDEBUG -include /Users/sequestermckinney/Desktop/Class-Repos/AVF/weatherappweek1/build/iphone/build/Intermediates/PrecompiledHeaders/weatherappweek1_Prefix-ewcdxqsksfdvkohbdkewbqaqqreu/weatherappweek1_Prefix.pch -MMD -MT dependencies -MF /Users/sequestermckinney/Desktop/Class-Repos/AVF/weatherappweek1/build/iphone/build/Intermediates/weatherappweek1.build/Debug-iphonesimulator/weatherappweek1.build/Objects-normal/i386/ApplicationRouting.d --serialize-diagnostics /Users/sequestermckinney/Desktop/Class-Repos/AVF/weatherappweek1/build/iphone/build/Intermediates/weatherappweek1.build/Debug-iphonesimulator/weatherappweek1.build/Objects-normal/i386/ApplicationRouting.dia -c /Users/sequestermckinney/Desktop/Class-Repos/AVF/weatherappweek1/build/iphone/Classes/ApplicationRouting.m -o /Users/sequestermckinney/Desktop/Class-Repos/AVF/weatherappweek1/build/iphone/build/Intermediates/weatherappweek1.build/Debug-iphonesimulator/weatherappweek1.build/Objects-normal/i386/ApplicationRouting.o
[TRACE]  
[TRACE]  CompileC build/Intermediates/weatherappweek1.build/Debug-iphonesimulator/weatherappweek1.build/Objects-normal/x86_64/ApplicationRouting.o Classes/ApplicationRouting.m normal x86_64 objective-c com.apple.compilers.llvm.clang.1_0.compiler
[TRACE]      cd /Users/sequestermckinney/Desktop/Class-Repos/AVF/weatherappweek1/build/iphone
[TRACE]      export LANG=en_US.US-ASCII
[TRACE]      export PATH="/Applications/Xcode.app/Contents/Developer/Platforms/iPhoneSimulator.platform/Developer/usr/bin:/Applications/Xcode.app/Contents/Developer/usr/bin:/Library/Java/JavaVirtualMachines/jdk1.7.0_80.jdk/Contents/Home/bin:/usr/local/bin:/usr/bin:/bin:/usr/sbin:/sbin:/usr/local/git/bin"
[TRACE]      /Applications/Xcode.app/Contents/Developer/Toolchains/XcodeDefault.xctoolchain/usr/bin/clang -x objective-c -arch x86_64 -fmessage-length=0 -fdiagnostics-show-note-include-stack -fmacro-backtrace-limit=0 -std=c99 -fmodules -gmodules -fmodules-cache-path=/Users/sequestermckinney/Desktop/Class-Repos/AVF/weatherappweek1/build/iphone/ModuleCache -fmodules-prune-interval=86400 -fmodules-prune-after=345600 -fbuild-session-file=/Users/sequestermckinney/Desktop/Class-Repos/AVF/weatherappweek1/build/iphone/ModuleCache/Session.modulevalidation -fmodules-validate-once-per-build-session -Wnon-modular-include-in-framework-module -Werror=non-modular-include-in-framework-module -Wno-trigraphs -fpascal-strings -O0 -Wno-missing-field-initializers -Wno-missing-prototypes -Wno-return-type -Wno-implicit-atomic-properties -Wno-arc-repeated-use-of-weak -Wduplicate-method-match -Wno-missing-braces -Wno-parentheses -Wswitch -Wunused-function -Wno-unused-label -Wno-unused-parameter -Wno-unused-variable -Wno-unused-value -Wempty-body -Wuninitialized -Wno-unknown-pragmas -Wno-shadow -Wno-four-char-constants -Wno-conversion -Wconstant-conversion -Wint-conversion -Wbool-conversion -Wenum-conversion -Wshorten-64-to-32 -Wpointer-sign -Wno-newline-eof -Wno-selector -Wno-strict-selector-match -Wno-undeclared-selector -Wno-deprecated-implementations -DDEPLOYTYPE=development -D__LOG__ID__=efbc41fc-e81d-47b1-9111-c806b213faa0 -DDEBUG=1 -DTI_VERSION=5.2.0 -DDEFAULT_BGCOLOR_RED=1 -DDEFAULT_BGCOLOR_GREEN=1 -DDEFAULT_BGCOLOR_BLUE=1 -DOBJC_OLD_DISPATCH_PROTOTYPES=0 -isysroot /Applications/Xcode.app/Contents/Developer/Platforms/iPhoneSimulator.platform/Developer/SDKs/iPhoneSimulator9.2.sdk -fasm-blocks -fstrict-aliasing -Wprotocol -Wdeprecated-declarations -mios-simulator-version-min=7.1 -g -fvisibility=hidden -Wno-sign-conversion -fobjc-abi-version=2 -fobjc-legacy-dispatch -iquote /Users/sequestermckinney/Desktop/Class-Repos/AVF/weatherappweek1/build/iphone/build/Intermediates/weatherappweek1.build/Debug-iphonesimulator/weatherappweek1.build/weatherappweek1-generated-files.hmap -I/Users/sequestermckinney/Desktop/Class-Repos/AVF/weatherappweek1/build/iphone/build/Intermediates/weatherappweek1.build/Debug-iphonesimulator/weatherappweek1.build/weatherappweek1-own-target-headers.hmap -I/Users/sequestermckinney/Desktop/Class-Repos/AVF/weatherappweek1/build/iphone/build/Intermediates/weatherappweek1.build/Debug-iphonesimulator/weatherappweek1.build/weatherappweek1-all-target-headers.hmap -iquote /Users/sequestermckinney/Desktop/Class-Repos/AVF/weatherappweek1/build/iphone/build/Intermediates/weatherappweek1.build/Debug-iphonesimulator/weatherappweek1.build/weatherappweek1-project-headers.hmap -I/Users/sequestermckinney/Desktop/Class-Repos/AVF/weatherappweek1/build/iphone/build/Products/Debug-iphonesimulator/include -I/Applications/Xcode.app/Contents/Developer/Platforms/iPhoneSimulator.platform/Developer/SDKs/iPhoneSimulator9.2.sdk/usr/include/libxml2 -Iheaders -I/Users/sequestermckinney/Desktop/Class-Repos/AVF/weatherappweek1/build/iphone/build/Intermediates/weatherappweek1.build/Debug-iphonesimulator/weatherappweek1.build/DerivedSources/x86_64 -I/Users/sequestermckinney/Desktop/Class-Repos/AVF/weatherappweek1/build/iphone/build/Intermediates/weatherappweek1.build/Debug-iphonesimulator/weatherappweek1.build/DerivedSources -F/Users/sequestermckinney/Desktop/Class-Repos/AVF/weatherappweek1/build/iphone/build/Products/Debug-iphonesimulator -DDEBUG -include /Users/sequestermckinney/Desktop/Class-Repos/AVF/weatherappweek1/build/iphone/build/Intermediates/PrecompiledHeaders/weatherappweek1_Prefix-ftjbxjrwirtfcodksuzxhxhnfqwy/weatherappweek1_Prefix.pch -MMD -MT dependencies -MF /Users/sequestermckinney/Desktop/Class-Repos/AVF/weatherappweek1/build/iphone/build/Intermediates/weatherappweek1.build/Debug-iphonesimulator/weatherappweek1.build/Objects-normal/x86_64/ApplicationRouting.d --serialize-diagnostics /Users/sequestermckinney/Desktop/Class-Repos/AVF/weatherappweek1/build/iphone/build/Intermediates/weatherappweek1.build/Debug-iphonesimulator/weatherappweek1.build/Objects-normal/x86_64/ApplicationRouting.dia -c /Users/sequestermckinney/Desktop/Class-Repos/AVF/weatherappweek1/build/iphone/Classes/ApplicationRouting.m -o /Users/sequestermckinney/Desktop/Class-Repos/AVF/weatherappweek1/build/iphone/build/Intermediates/weatherappweek1.build/Debug-iphonesimulator/weatherappweek1.build/Objects-normal/x86_64/ApplicationRouting.o
[TRACE]  
[TRACE]  CompileAssetCatalog build/Products/Debug-iphonesimulator/weatherappweek1.app Assets.xcassets
[TRACE]      cd /Users/sequestermckinney/Desktop/Class-Repos/AVF/weatherappweek1/build/iphone
[TRACE]      export PATH="/Applications/Xcode.app/Contents/Developer/Platforms/iPhoneSimulator.platform/Developer/usr/bin:/Applications/Xcode.app/Contents/Developer/usr/bin:/Library/Java/JavaVirtualMachines/jdk1.7.0_80.jdk/Contents/Home/bin:/usr/local/bin:/usr/bin:/bin:/usr/sbin:/sbin:/usr/local/git/bin"
[TRACE]      /Applications/Xcode.app/Contents/Developer/usr/bin/actool --output-format human-readable-text --notices --warnings --export-dependency-info /Users/sequestermckinney/Desktop/Class-Repos/AVF/weatherappweek1/build/iphone/build/Intermediates/weatherappweek1.build/Debug-iphonesimulator/weatherappweek1.build/assetcatalog_dependencies --output-partial-info-plist /Users/sequestermckinney/Desktop/Class-Repos/AVF/weatherappweek1/build/iphone/build/Intermediates/weatherappweek1.build/Debug-iphonesimulator/weatherappweek1.build/assetcatalog_generated_info.plist --app-icon AppIcon --launch-image LaunchImage --compress-pngs --enable-on-demand-resources YES --filter-for-device-model iPad2,1 --filter-for-device-os-version 9.0 --target-device iphone --target-device ipad --minimum-deployment-target 7.1 --platform iphonesimulator --compile /Users/sequestermckinney/Desktop/Class-Repos/AVF/weatherappweek1/build/iphone/build/Products/Debug-iphonesimulator/weatherappweek1.app /Users/sequestermckinney/Desktop/Class-Repos/AVF/weatherappweek1/build/iphone/Assets.xcassets
[TRACE]  /* com.apple.actool.document.notices */
[TRACE]  /Users/sequestermckinney/Desktop/Class-Repos/AVF/weatherappweek1/build/iphone/Assets.xcassets:./LaunchImage.launchimage/[iphone][736h][3x][portrait][full-screen][8.0]: notice: This launch image only applies to iOS 6.x and prior but the minimum deployment is 7.0 or later.
[TRACE]  /Users/sequestermckinney/Desktop/Class-Repos/AVF/weatherappweek1/build/iphone/Assets.xcassets:./LaunchImage.launchimage/[iphone][736h][3x][landscape][full-screen][8.0]: notice: This launch image only applies to iOS 6.x and prior but the minimum deployment is 7.0 or later.
[TRACE]  /Users/sequestermckinney/Desktop/Class-Repos/AVF/weatherappweek1/build/iphone/Assets.xcassets:./LaunchImage.launchimage/[iphone][667h][2x][portrait][full-screen][8.0]: notice: This launch image only applies to iOS 6.x and prior but the minimum deployment is 7.0 or later.
[TRACE]  /* com.apple.actool.compilation-results */
[TRACE]  /Users/sequestermckinney/Desktop/Class-Repos/AVF/weatherappweek1/build/iphone/build/Products/Debug-iphonesimulator/weatherappweek1.app/AppIcon29x29@2x.png
[TRACE]  /Users/sequestermckinney/Desktop/Class-Repos/AVF/weatherappweek1/build/iphone/build/Products/Debug-iphonesimulator/weatherappweek1.app/AppIcon29x29@3x.png
[TRACE]  /Users/sequestermckinney/Desktop/Class-Repos/AVF/weatherappweek1/build/iphone/build/Products/Debug-iphonesimulator/weatherappweek1.app/AppIcon40x40@2x.png
[TRACE]  /Users/sequestermckinney/Desktop/Class-Repos/AVF/weatherappweek1/build/iphone/build/Products/Debug-iphonesimulator/weatherappweek1.app/AppIcon40x40@3x.png
[TRACE]  /Users/sequestermckinney/Desktop/Class-Repos/AVF/weatherappweek1/build/iphone/build/Products/Debug-iphonesimulator/weatherappweek1.app/AppIcon60x60@2x.png
[TRACE]  /Users/sequestermckinney/Desktop/Class-Repos/AVF/weatherappweek1/build/iphone/build/Products/Debug-iphonesimulator/weatherappweek1.app/AppIcon60x60@3x.png
[TRACE]  /Users/sequestermckinney/Desktop/Class-Repos/AVF/weatherappweek1/build/iphone/build/Products/Debug-iphonesimulator/weatherappweek1.app/AppIcon29x29~ipad.png
[TRACE]  /Users/sequestermckinney/Desktop/Class-Repos/AVF/weatherappweek1/build/iphone/build/Products/Debug-iphonesimulator/weatherappweek1.app/AppIcon29x29@2x~ipad.png
[TRACE]  /Users/sequestermckinney/Desktop/Class-Repos/AVF/weatherappweek1/build/iphone/build/Products/Debug-iphonesimulator/weatherappweek1.app/AppIcon40x40~ipad.png
[TRACE]  /Users/sequestermckinney/Desktop/Class-Repos/AVF/weatherappweek1/build/iphone/build/Products/Debug-iphonesimulator/weatherappweek1.app/AppIcon40x40@2x~ipad.png
[TRACE]  /Users/sequestermckinney/Desktop/Class-Repos/AVF/weatherappweek1/build/iphone/build/Products/Debug-iphonesimulator/weatherappweek1.app/AppIcon76x76~ipad.png
[TRACE]  /Users/sequestermckinney/Desktop/Class-Repos/AVF/weatherappweek1/build/iphone/build/Products/Debug-iphonesimulator/weatherappweek1.app/AppIcon76x76@2x~ipad.png
[TRACE]  /Users/sequestermckinney/Desktop/Class-Repos/AVF/weatherappweek1/build/iphone/build/Products/Debug-iphonesimulator/weatherappweek1.app/AppIcon83.5x83.5@2x~ipad.png
[TRACE]  /Users/sequestermckinney/Desktop/Class-Repos/AVF/weatherappweek1/build/iphone/build/Products/Debug-iphonesimulator/weatherappweek1.app/LaunchImage-800-Portrait-736h@3x.png
[TRACE]  /Users/sequestermckinney/Desktop/Class-Repos/AVF/weatherappweek1/build/iphone/build/Products/Debug-iphonesimulator/weatherappweek1.app/LaunchImage-800-Landscape-736h@3x.png
[TRACE]  /Users/sequestermckinney/Desktop/Class-Repos/AVF/weatherappweek1/build/iphone/build/Products/Debug-iphonesimulator/weatherappweek1.app/LaunchImage-800-667h@2x.png
[TRACE]  /Users/sequestermckinney/Desktop/Class-Repos/AVF/weatherappweek1/build/iphone/build/Products/Debug-iphonesimulator/weatherappweek1.app/LaunchImage-700@2x.png
[TRACE]  /Users/sequestermckinney/Desktop/Class-Repos/AVF/weatherappweek1/build/iphone/build/Products/Debug-iphonesimulator/weatherappweek1.app/LaunchImage-700-568h@2x.png
[TRACE]  /Users/sequestermckinney/Desktop/Class-Repos/AVF/weatherappweek1/build/iphone/build/Products/Debug-iphonesimulator/weatherappweek1.app/LaunchImage-700-Portrait~ipad.png
[TRACE]  /Users/sequestermckinney/Desktop/Class-Repos/AVF/weatherappweek1/build/iphone/build/Products/Debug-iphonesimulator/weatherappweek1.app/LaunchImage-700-Landscape~ipad.png
[TRACE]  /Users/sequestermckinney/Desktop/Class-Repos/AVF/weatherappweek1/build/iphone/build/Products/Debug-iphonesimulator/weatherappweek1.app/LaunchImage-700-Portrait@2x~ipad.png
[TRACE]  /Users/sequestermckinney/Desktop/Class-Repos/AVF/weatherappweek1/build/iphone/build/Products/Debug-iphonesimulator/weatherappweek1.app/LaunchImage-700-Landscape@2x~ipad.png
[TRACE]  /Users/sequestermckinney/Desktop/Class-Repos/AVF/weatherappweek1/build/iphone/build/Products/Debug-iphonesimulator/weatherappweek1.app/Assets.car
[TRACE]  /Users/sequestermckinney/Desktop/Class-Repos/AVF/weatherappweek1/build/iphone/build/Intermediates/weatherappweek1.build/Debug-iphonesimulator/weatherappweek1.build/assetcatalog_generated_info.plist
[TRACE]  
[TRACE]  ProcessInfoPlistFile build/Products/Debug-iphonesimulator/weatherappweek1.app/Info.plist Info.plist
[TRACE]      cd /Users/sequestermckinney/Desktop/Class-Repos/AVF/weatherappweek1/build/iphone
[TRACE]      export PATH="/Applications/Xcode.app/Contents/Developer/Platforms/iPhoneSimulator.platform/Developer/usr/bin:/Applications/Xcode.app/Contents/Developer/usr/bin:/Library/Java/JavaVirtualMachines/jdk1.7.0_80.jdk/Contents/Home/bin:/usr/local/bin:/usr/bin:/bin:/usr/sbin:/sbin:/usr/local/git/bin"
[TRACE]      builtin-infoPlistUtility /Users/sequestermckinney/Desktop/Class-Repos/AVF/weatherappweek1/build/iphone/Info.plist -genpkginfo /Users/sequestermckinney/Desktop/Class-Repos/AVF/weatherappweek1/build/iphone/build/Products/Debug-iphonesimulator/weatherappweek1.app/PkgInfo -expandbuildsettings -format binary -platform iphonesimulator -additionalcontentfile /Users/sequestermckinney/Desktop/Class-Repos/AVF/weatherappweek1/build/iphone/build/Intermediates/weatherappweek1.build/Debug-iphonesimulator/weatherappweek1.build/LaunchScreen-SBPartialInfo.plist -additionalcontentfile /Users/sequestermckinney/Desktop/Class-Repos/AVF/weatherappweek1/build/iphone/build/Intermediates/weatherappweek1.build/Debug-iphonesimulator/weatherappweek1.build/assetcatalog_generated_info.plist -o /Users/sequestermckinney/Desktop/Class-Repos/AVF/weatherappweek1/build/iphone/build/Products/Debug-iphonesimulator/weatherappweek1.app/Info.plist
[TRACE]  
[TRACE]  ProcessProductPackaging weatherappweek1.entitlements build/Intermediates/weatherappweek1.build/Debug-iphonesimulator/weatherappweek1.build/weatherappweek1.app.xcent
[TRACE]      cd /Users/sequestermckinney/Desktop/Class-Repos/AVF/weatherappweek1/build/iphone
[TRACE]      export PATH="/Applications/Xcode.app/Contents/Developer/Platforms/iPhoneSimulator.platform/Developer/usr/bin:/Applications/Xcode.app/Contents/Developer/usr/bin:/Library/Java/JavaVirtualMachines/jdk1.7.0_80.jdk/Contents/Home/bin:/usr/local/bin:/usr/bin:/bin:/usr/sbin:/sbin:/usr/local/git/bin"
[TRACE]      builtin-productPackagingUtility /Users/sequestermckinney/Desktop/Class-Repos/AVF/weatherappweek1/build/iphone/weatherappweek1.entitlements -entitlements -format xml -o /Users/sequestermckinney/Desktop/Class-Repos/AVF/weatherappweek1/build/iphone/build/Intermediates/weatherappweek1.build/Debug-iphonesimulator/weatherappweek1.build/weatherappweek1.app.xcent
[TRACE]  
[TRACE]  Ld build/Intermediates/weatherappweek1.build/Debug-iphonesimulator/weatherappweek1.build/Objects-normal/i386/weatherappweek1 normal i386
[TRACE]      cd /Users/sequestermckinney/Desktop/Class-Repos/AVF/weatherappweek1/build/iphone
[TRACE]      export IPHONEOS_DEPLOYMENT_TARGET=7.1
[TRACE]      export PATH="/Applications/Xcode.app/Contents/Developer/Platforms/iPhoneSimulator.platform/Developer/usr/bin:/Applications/Xcode.app/Contents/Developer/usr/bin:/Library/Java/JavaVirtualMachines/jdk1.7.0_80.jdk/Contents/Home/bin:/usr/local/bin:/usr/bin:/bin:/usr/sbin:/sbin:/usr/local/git/bin"
[TRACE]      /Applications/Xcode.app/Contents/Developer/Toolchains/XcodeDefault.xctoolchain/usr/bin/clang++ -arch i386 -isysroot /Applications/Xcode.app/Contents/Developer/Platforms/iPhoneSimulator.platform/Developer/SDKs/iPhoneSimulator9.2.sdk -L/Users/sequestermckinney/Desktop/Class-Repos/AVF/weatherappweek1/build/iphone/build/Products/Debug-iphonesimulator -L/Users/sequestermckinney/Desktop/Class-Repos/AVF/weatherappweek1/build/iphone/lib -L/Users/sequestermckinney/Desktop/Class-Repos/AVF/weatherappweek1/build/iphone/Classes/APSAnalytics -L/Users/sequestermckinney/Desktop/Class-Repos/AVF/weatherappweek1/build/iphone/Classes/APSHTTPClient -F/Users/sequestermckinney/Desktop/Class-Repos/AVF/weatherappweek1/build/iphone/build/Products/Debug-iphonesimulator -filelist /Users/sequestermckinney/Desktop/Class-Repos/AVF/weatherappweek1/build/iphone/build/Intermediates/weatherappweek1.build/Debug-iphonesimulator/weatherappweek1.build/Objects-normal/i386/weatherappweek1.LinkFileList -mios-simulator-version-min=7.1 -dead_strip -Xlinker -objc_abi_version -Xlinker 2 -ObjC -weak-lti_ios_profiler -weak-lti_ios_debugger -weak-lTiCore -weak_framework Contacts -weak_framework ContactsUI -weak_framework WatchConnectivity -weak_framework CoreSpotlight -fobjc-link-runtime -stdlib=libc++ -Xlinker -sectcreate -Xlinker __TEXT -Xlinker __entitlements -Xlinker /Users/sequestermckinney/Desktop/Class-Repos/AVF/weatherappweek1/build/iphone/build/Intermediates/weatherappweek1.build/Debug-iphonesimulator/weatherappweek1.build/weatherappweek1.app.xcent -weak_framework iAd -framework CoreMedia -weak_framework CoreMotion -lAPSAnalytics -weak_framework CoreText -framework EventKit -framework EventKitUI -weak_framework Security -licucore -framework Foundation -weak_framework UIKit -framework CoreGraphics -weak_framework AddressBook -framework AddressBookUI -framework CFNetwork -framework CoreLocation -weak_framework MapKit -framework MessageUI -framework MobileCoreServices -framework OpenGLES -framework QuartzCore -framework SystemConfiguration -lsqlite3 -lz -framework AudioToolbox -weak_framework MediaPlayer -framework AVFoundation -lxml2 -framework StoreKit -lAPSHTTPClient -framework ExternalAccessory -ltiverify -Xlinker -dependency_info -Xlinker /Users/sequestermckinney/Desktop/Class-Repos/AVF/weatherappweek1/build/iphone/build/Intermediates/weatherappweek1.build/Debug-iphonesimulator/weatherappweek1.build/Objects-normal/i386/weatherappweek1_dependency_info.dat -o /Users/sequestermckinney/Desktop/Class-Repos/AVF/weatherappweek1/build/iphone/build/Intermediates/weatherappweek1.build/Debug-iphonesimulator/weatherappweek1.build/Objects-normal/i386/weatherappweek1
[TRACE]  
[TRACE]  Ld build/Intermediates/weatherappweek1.build/Debug-iphonesimulator/weatherappweek1.build/Objects-normal/x86_64/weatherappweek1 normal x86_64
[TRACE]      cd /Users/sequestermckinney/Desktop/Class-Repos/AVF/weatherappweek1/build/iphone
[TRACE]      export IPHONEOS_DEPLOYMENT_TARGET=7.1
[TRACE]      export PATH="/Applications/Xcode.app/Contents/Developer/Platforms/iPhoneSimulator.platform/Developer/usr/bin:/Applications/Xcode.app/Contents/Developer/usr/bin:/Library/Java/JavaVirtualMachines/jdk1.7.0_80.jdk/Contents/Home/bin:/usr/local/bin:/usr/bin:/bin:/usr/sbin:/sbin:/usr/local/git/bin"
[TRACE]      /Applications/Xcode.app/Contents/Developer/Toolchains/XcodeDefault.xctoolchain/usr/bin/clang++ -arch x86_64 -isysroot /Applications/Xcode.app/Contents/Developer/Platforms/iPhoneSimulator.platform/Developer/SDKs/iPhoneSimulator9.2.sdk -L/Users/sequestermckinney/Desktop/Class-Repos/AVF/weatherappweek1/build/iphone/build/Products/Debug-iphonesimulator -L/Users/sequestermckinney/Desktop/Class-Repos/AVF/weatherappweek1/build/iphone/lib -L/Users/sequestermckinney/Desktop/Class-Repos/AVF/weatherappweek1/build/iphone/Classes/APSAnalytics -L/Users/sequestermckinney/Desktop/Class-Repos/AVF/weatherappweek1/build/iphone/Classes/APSHTTPClient -F/Users/sequestermckinney/Desktop/Class-Repos/AVF/weatherappweek1/build/iphone/build/Products/Debug-iphonesimulator -filelist /Users/sequestermckinney/Desktop/Class-Repos/AVF/weatherappweek1/build/iphone/build/Intermediates/weatherappweek1.build/Debug-iphonesimulator/weatherappweek1.build/Objects-normal/x86_64/weatherappweek1.LinkFileList -mios-simulator-version-min=7.1 -dead_strip -Xlinker -objc_abi_version -Xlinker 2 -ObjC -weak-lti_ios_profiler -weak-lti_ios_debugger -weak-lTiCore -weak_framework Contacts -weak_framework ContactsUI -weak_framework WatchConnectivity -weak_framework CoreSpotlight -fobjc-link-runtime -stdlib=libc++ -Xlinker -sectcreate -Xlinker __TEXT -Xlinker __entitlements -Xlinker /Users/sequestermckinney/Desktop/Class-Repos/AVF/weatherappweek1/build/iphone/build/Intermediates/weatherappweek1.build/Debug-iphonesimulator/weatherappweek1.build/weatherappweek1.app.xcent -weak_framework iAd -framework CoreMedia -weak_framework CoreMotion -lAPSAnalytics -weak_framework CoreText -framework EventKit -framework EventKitUI -weak_framework Security -licucore -framework Foundation -weak_framework UIKit -framework CoreGraphics -weak_framework AddressBook -framework AddressBookUI -framework CFNetwork -framework CoreLocation -weak_framework MapKit -framework MessageUI -framework MobileCoreServices -framework OpenGLES -framework QuartzCore -framework SystemConfiguration -lsqlite3 -lz -framework AudioToolbox -weak_framework MediaPlayer -framework AVFoundation -lxml2 -framework StoreKit -lAPSHTTPClient -framework ExternalAccessory -ltiverify -Xlinker -dependency_info -Xlinker /Users/sequestermckinney/Desktop/Class-Repos/AVF/weatherappweek1/build/iphone/build/Intermediates/weatherappweek1.build/Debug-iphonesimulator/weatherappweek1.build/Objects-normal/x86_64/weatherappweek1_dependency_info.dat -o /Users/sequestermckinney/Desktop/Class-Repos/AVF/weatherappweek1/build/iphone/build/Intermediates/weatherappweek1.build/Debug-iphonesimulator/weatherappweek1.build/Objects-normal/x86_64/weatherappweek1
[TRACE]  
[TRACE]  CreateUniversalBinary build/Products/Debug-iphonesimulator/weatherappweek1.app/weatherappweek1 normal i386\ x86_64
[TRACE]      cd /Users/sequestermckinney/Desktop/Class-Repos/AVF/weatherappweek1/build/iphone
[TRACE]      export PATH="/Applications/Xcode.app/Contents/Developer/Platforms/iPhoneSimulator.platform/Developer/usr/bin:/Applications/Xcode.app/Contents/Developer/usr/bin:/Library/Java/JavaVirtualMachines/jdk1.7.0_80.jdk/Contents/Home/bin:/usr/local/bin:/usr/bin:/bin:/usr/sbin:/sbin:/usr/local/git/bin"
[TRACE]      /Applications/Xcode.app/Contents/Developer/Toolchains/XcodeDefault.xctoolchain/usr/bin/lipo -create /Users/sequestermckinney/Desktop/Class-Repos/AVF/weatherappweek1/build/iphone/build/Intermediates/weatherappweek1.build/Debug-iphonesimulator/weatherappweek1.build/Objects-normal/i386/weatherappweek1 /Users/sequestermckinney/Desktop/Class-Repos/AVF/weatherappweek1/build/iphone/build/Intermediates/weatherappweek1.build/Debug-iphonesimulator/weatherappweek1.build/Objects-normal/x86_64/weatherappweek1 -output /Users/sequestermckinney/Desktop/Class-Repos/AVF/weatherappweek1/build/iphone/build/Products/Debug-iphonesimulator/weatherappweek1.app/weatherappweek1
[TRACE]  
[TRACE]  GenerateDSYMFile build/Products/Debug-iphonesimulator/weatherappweek1.app.dSYM build/Products/Debug-iphonesimulator/weatherappweek1.app/weatherappweek1
[TRACE]      cd /Users/sequestermckinney/Desktop/Class-Repos/AVF/weatherappweek1/build/iphone
[TRACE]      export PATH="/Applications/Xcode.app/Contents/Developer/Platforms/iPhoneSimulator.platform/Developer/usr/bin:/Applications/Xcode.app/Contents/Developer/usr/bin:/Library/Java/JavaVirtualMachines/jdk1.7.0_80.jdk/Contents/Home/bin:/usr/local/bin:/usr/bin:/bin:/usr/sbin:/sbin:/usr/local/git/bin"
[TRACE]      /Applications/Xcode.app/Contents/Developer/Toolchains/XcodeDefault.xctoolchain/usr/bin/dsymutil /Users/sequestermckinney/Desktop/Class-Repos/AVF/weatherappweek1/build/iphone/build/Products/Debug-iphonesimulator/weatherappweek1.app/weatherappweek1 -o /Users/sequestermckinney/Desktop/Class-Repos/AVF/weatherappweek1/build/iphone/build/Products/Debug-iphonesimulator/weatherappweek1.app.dSYM
[TRACE]  
[TRACE]  CopySwiftLibs build/Products/Debug-iphonesimulator/weatherappweek1.app
[TRACE]      cd /Users/sequestermckinney/Desktop/Class-Repos/AVF/weatherappweek1/build/iphone
[TRACE]      export CODESIGN_ALLOCATE=/Applications/Xcode.app/Contents/Developer/Toolchains/XcodeDefault.xctoolchain/usr/bin/codesign_allocate
[TRACE]      export PATH="/Applications/Xcode.app/Contents/Developer/Platforms/iPhoneSimulator.platform/Developer/usr/bin:/Applications/Xcode.app/Contents/Developer/usr/bin:/Library/Java/JavaVirtualMachines/jdk1.7.0_80.jdk/Contents/Home/bin:/usr/local/bin:/usr/bin:/bin:/usr/sbin:/sbin:/usr/local/git/bin"
[TRACE]      /Applications/Xcode.app/Contents/Developer/Toolchains/XcodeDefault.xctoolchain/usr/bin/swift-stdlib-tool --copy --verbose --scan-executable /Users/sequestermckinney/Desktop/Class-Repos/AVF/weatherappweek1/build/iphone/build/Products/Debug-iphonesimulator/weatherappweek1.app/weatherappweek1 --scan-folder /Users/sequestermckinney/Desktop/Class-Repos/AVF/weatherappweek1/build/iphone/build/Products/Debug-iphonesimulator/weatherappweek1.app/Frameworks --scan-folder /Users/sequestermckinney/Desktop/Class-Repos/AVF/weatherappweek1/build/iphone/build/Products/Debug-iphonesimulator/weatherappweek1.app/PlugIns --scan-folder /Applications/Xcode.app/Contents/Developer/Platforms/iPhoneSimulator.platform/Developer/SDKs/iPhoneSimulator9.2.sdk/System/Library/Frameworks/iAd.framework --scan-folder /Applications/Xcode.app/Contents/Developer/Platforms/iPhoneSimulator.platform/Developer/SDKs/iPhoneSimulator9.2.sdk/System/Library/Frameworks/CoreMedia.framework --scan-folder /Applications/Xcode.app/Contents/Developer/Platforms/iPhoneSimulator.platform/Developer/SDKs/iPhoneSimulator9.2.sdk/System/Library/Frameworks/CoreMotion.framework --scan-folder /Applications/Xcode.app/Contents/Developer/Platforms/iPhoneSimulator.platform/Developer/SDKs/iPhoneSimulator9.2.sdk/System/Library/Frameworks/CoreText.framework --scan-folder /Applications/Xcode.app/Contents/Developer/Platforms/iPhoneSimulator.platform/Developer/SDKs/iPhoneSimulator9.2.sdk/System/Library/Frameworks/EventKit.framework --scan-folder /Applications/Xcode.app/Contents/Developer/Platforms/iPhoneSimulator.platform/Developer/SDKs/iPhoneSimulator9.2.sdk/System/Library/Frameworks/EventKitUI.framework --scan-folder /Applications/Xcode.app/Contents/Developer/Platforms/iPhoneSimulator.platform/Developer/SDKs/iPhoneSimulator9.2.sdk/System/Library/Frameworks/Security.framework --scan-folder /Applications/Xcode.app/Contents/Developer/Platforms/iPhoneSimulator.platform/Developer/SDKs/iPhoneSimulator9.2.sdk/System/Library/Frameworks/Foundation.framework --scan-folder /Applications/Xcode.app/Contents/Developer/Platforms/iPhoneSimulator.platform/Developer/SDKs/iPhoneSimulator9.2.sdk/System/Library/Frameworks/UIKit.framework --scan-folder /Applications/Xcode.app/Contents/Developer/Platforms/iPhoneSimulator.platform/Developer/SDKs/iPhoneSimulator9.2.sdk/System/Library/Frameworks/CoreGraphics.framework --scan-folder /Applications/Xcode.app/Contents/Developer/Platforms/iPhoneSimulator.platform/Developer/SDKs/iPhoneSimulator9.2.sdk/System/Library/Frameworks/AddressBook.framework --scan-folder /Applications/Xcode.app/Contents/Developer/Platforms/iPhoneSimulator.platform/Developer/SDKs/iPhoneSimulator9.2.sdk/System/Library/Frameworks/AddressBookUI.framework --scan-folder /Applications/Xcode.app/Contents/Developer/Platforms/iPhoneSimulator.platform/Developer/SDKs/iPhoneSimulator9.2.sdk/System/Library/Frameworks/CFNetwork.framework --scan-folder /Applications/Xcode.app/Contents/Developer/Platforms/iPhoneSimulator.platform/Developer/SDKs/iPhoneSimulator9.2.sdk/System/Library/Frameworks/CoreLocation.framework --scan-folder /Applications/Xcode.app/Contents/Developer/Platforms/iPhoneSimulator.platform/Developer/SDKs/iPhoneSimulator9.2.sdk/System/Library/Frameworks/MapKit.framework --scan-folder /Applications/Xcode.app/Contents/Developer/Platforms/iPhoneSimulator.platform/Developer/SDKs/iPhoneSimulator9.2.sdk/System/Library/Frameworks/MessageUI.framework --scan-folder /Applications/Xcode.app/Contents/Developer/Platforms/iPhoneSimulator.platform/Developer/SDKs/iPhoneSimulator9.2.sdk/System/Library/Frameworks/MobileCoreServices.framework --scan-folder /Applications/Xcode.app/Contents/Developer/Platforms/iPhoneSimulator.platform/Developer/SDKs/iPhoneSimulator9.2.sdk/System/Library/Frameworks/OpenGLES.framework --scan-folder /Applications/Xcode.app/Contents/Developer/Platforms/iPhoneSimulator.platform/Developer/SDKs/iPhoneSimulator9.2.sdk/System/Library/Frameworks/QuartzCore.framework --scan-folder /Applications/Xcode.app/Contents/Developer/Platforms/iPhoneSimulator.platform/Developer/SDKs/iPhoneSimulator9.2.sdk/System/Library/Frameworks/SystemConfiguration.framework --scan-folder /Applications/Xcode.app/Contents/Developer/Platforms/iPhoneSimulator.platform/Developer/SDKs/iPhoneSimulator9.2.sdk/System/Library/Frameworks/AudioToolbox.framework --scan-folder /Applications/Xcode.app/Contents/Developer/Platforms/iPhoneSimulator.platform/Developer/SDKs/iPhoneSimulator9.2.sdk/System/Library/Frameworks/MediaPlayer.framework --scan-folder /Applications/Xcode.app/Contents/Developer/Platforms/iPhoneSimulator.platform/Developer/SDKs/iPhoneSimulator9.2.sdk/System/Library/Frameworks/AVFoundation.framework --scan-folder /Applications/Xcode.app/Contents/Developer/Platforms/iPhoneSimulator.platform/Developer/SDKs/iPhoneSimulator9.2.sdk/System/Library/Frameworks/StoreKit.framework --scan-folder /Applications/Xcode.app/Contents/Developer/Platforms/iPhoneSimulator.platform/Developer/SDKs/iPhoneSimulator9.2.sdk/System/Library/Frameworks/ExternalAccessory.framework --platform iphonesimulator --destination /Users/sequestermckinney/Desktop/Class-Repos/AVF/weatherappweek1/build/iphone/build/Products/Debug-iphonesimulator/weatherappweek1.app/Frameworks --strip-bitcode
[TRACE]  
[TRACE]  Touch build/Products/Debug-iphonesimulator/weatherappweek1.app
[TRACE]      cd /Users/sequestermckinney/Desktop/Class-Repos/AVF/weatherappweek1/build/iphone
[TRACE]      export PATH="/Applications/Xcode.app/Contents/Developer/Platforms/iPhoneSimulator.platform/Developer/usr/bin:/Applications/Xcode.app/Contents/Developer/usr/bin:/Library/Java/JavaVirtualMachines/jdk1.7.0_80.jdk/Contents/Home/bin:/usr/local/bin:/usr/bin:/bin:/usr/sbin:/sbin:/usr/local/git/bin"
[TRACE]      /usr/bin/touch -c /Users/sequestermckinney/Desktop/Class-Repos/AVF/weatherappweek1/build/iphone/build/Products/Debug-iphonesimulator/weatherappweek1.app
[TRACE]  
[TRACE]  ** BUILD SUCCEEDED **
[INFO]   Finished building the application in 11s 91ms
[INFO]   Launching iOS Simulator
[TRACE]  [ioslib] Selected iOS Simulator: iPad 2
[TRACE]  [ioslib]   UDID    = B9A2FABA-EC2E-4162-BCFF-F4E528347DD5
[TRACE]  [ioslib]   iOS     = 9.0
[TRACE]  [ioslib] Autoselected Xcode: 7.2.1
[TRACE]  [ioslib] iPad 2 Simulator already running with the correct udid
[TRACE]  [ioslib] Tailing iPad 2 Simulator system log: /Users/sequestermckinney/Library/Logs/CoreSimulator/B9A2FABA-EC2E-4162-BCFF-F4E528347DD5/system.log
[TRACE]  [ioslib] Running: osascript "/Users/sequestermckinney/Library/Application Support/Titanium/mobilesdk/osx/5.2.0.GA/node_modules/ioslib/lib/sim_focus.scpt" "Simulator"
[TRACE]  [ioslib] iPad 2 Simulator successfully focused
[TRACE]  [ioslib] Running: /Applications/Xcode.app/Contents/Developer/usr/bin/simctl install B9A2FABA-EC2E-4162-BCFF-F4E528347DD5 /Users/sequestermckinney/Desktop/Class-Repos/AVF/weatherappweek1/build/iphone/build/Products/Debug-iphonesimulator/weatherappweek1.app
[TRACE]  [ioslib] App installed
[TRACE]  [ioslib] Running: /Applications/Xcode.app/Contents/Developer/usr/bin/simctl launch B9A2FABA-EC2E-4162-BCFF-F4E528347DD5 com.studios.weatherappweek1
[TRACE]  [ioslib] App launched
[TRACE]  [weatherappweek1] assertion failed: 15D21 13A344: libxpc.dylib + 71578 [5150F854-0B13-3C60-8B86-891EC976986E]: 0x7d
[TRACE]  [ioslib] Found application log file: /Users/sequestermckinney/Library/Developer/CoreSimulator/Devices/B9A2FABA-EC2E-4162-BCFF-F4E528347DD5/data/Containers/Data/Application/7DD7F248-7B00-4B06-B9D0-470010D0DE65/Documents/efbc41fc-e81d-47b1-9111-c806b213faa0.log
[TRACE]  [weatherappweek1] <CATransformLayer: 0x7a266a10> - changing property masksToBounds in transform-only layer, will have no effect
[TRACE]  [weatherappweek1] <CATransformLayer: 0x7a15d960> - changing property masksToBounds in transform-only layer, will have no effect
[TRACE]  [weatherappweek1] <CATransformLayer: 0x7a176390> - changing property masksToBounds in transform-only layer, will have no effect